{"P:\\Coding\\Programming\\Projects\\Javascript\\mytag\\src\\App.jsx": {"path":"P:\\Coding\\Programming\\Projects\\Javascript\\mytag\\src\\App.jsx","statementMap":{"0":{"start":{"line":21,"column":27},"end":{"line":21,"column":36}},"1":{"start":{"line":26,"column":4},"end":{"line":26,"column":15}},"2":{"start":{"line":32,"column":4},"end":{"line":32,"column":15}},"3":{"start":{"line":38,"column":4},"end":{"line":38,"column":17}},"4":{"start":{"line":44,"column":4},"end":{"line":44,"column":21}},"5":{"start":{"line":50,"column":4},"end":{"line":50,"column":17}},"6":{"start":{"line":52,"column":12},"end":{"line":94,"column":1}},"7":{"start":{"line":53,"column":37},"end":{"line":53,"column":52}},"8":{"start":{"line":54,"column":19},"end":{"line":54,"column":32}},"9":{"start":{"line":56,"column":2},"end":{"line":84,"column":9}},"10":{"start":{"line":57,"column":4},"end":{"line":83,"column":7}},"11":{"start":{"line":61,"column":10},"end":{"line":61,"column":74}},"12":{"start":{"line":65,"column":28},"end":{"line":65,"column":60}},"13":{"start":{"line":69,"column":10},"end":{"line":69,"column":67}},"14":{"start":{"line":74,"column":10},"end":{"line":74,"column":73}},"15":{"start":{"line":79,"column":10},"end":{"line":79,"column":75}},"16":{"start":{"line":82,"column":6},"end":{"line":82,"column":27}},"17":{"start":{"line":86,"column":2},"end":{"line":93,"column":4}}},"fnMap":{"0":{"name":"(anonymous_0)","decl":{"start":{"line":52,"column":12},"end":{"line":52,"column":13}},"loc":{"start":{"line":52,"column":18},"end":{"line":94,"column":1}},"line":52},"1":{"name":"(anonymous_1)","decl":{"start":{"line":56,"column":12},"end":{"line":56,"column":13}},"loc":{"start":{"line":56,"column":18},"end":{"line":84,"column":3}},"line":56},"2":{"name":"(anonymous_2)","decl":{"start":{"line":60,"column":14},"end":{"line":60,"column":15}},"loc":{"start":{"line":61,"column":10},"end":{"line":61,"column":74}},"line":61},"3":{"name":"(anonymous_3)","decl":{"start":{"line":65,"column":14},"end":{"line":65,"column":15}},"loc":{"start":{"line":65,"column":28},"end":{"line":65,"column":60}},"line":65},"4":{"name":"(anonymous_4)","decl":{"start":{"line":68,"column":14},"end":{"line":68,"column":15}},"loc":{"start":{"line":69,"column":10},"end":{"line":69,"column":67}},"line":69},"5":{"name":"(anonymous_5)","decl":{"start":{"line":73,"column":14},"end":{"line":73,"column":15}},"loc":{"start":{"line":74,"column":10},"end":{"line":74,"column":73}},"line":74},"6":{"name":"(anonymous_6)","decl":{"start":{"line":78,"column":14},"end":{"line":78,"column":15}},"loc":{"start":{"line":79,"column":10},"end":{"line":79,"column":75}},"line":79},"7":{"name":"(anonymous_7)","decl":{"start":{"line":81,"column":12},"end":{"line":81,"column":13}},"loc":{"start":{"line":81,"column":18},"end":{"line":83,"column":5}},"line":81}},"branchMap":{"0":{"loc":{"start":{"line":89,"column":9},"end":{"line":89,"column":29}},"type":"binary-expr","locations":[{"start":{"line":89,"column":9},"end":{"line":89,"column":17}},{"start":{"line":89,"column":21},"end":{"line":89,"column":29}}],"line":89},"1":{"loc":{"start":{"line":90,"column":9},"end":{"line":90,"column":36}},"type":"binary-expr","locations":[{"start":{"line":90,"column":9},"end":{"line":90,"column":18}},{"start":{"line":90,"column":22},"end":{"line":90,"column":36}}],"line":90}},"s":{"0":1,"1":1,"2":1,"3":1,"4":1,"5":1,"6":1,"7":0,"8":0,"9":0,"10":0,"11":0,"12":0,"13":0,"14":0,"15":0,"16":0,"17":0},"f":{"0":0,"1":0,"2":0,"3":0,"4":0,"5":0,"6":0,"7":0},"b":{"0":[0,0],"1":[0,0]},"_coverageSchema":"1a1c01bbd47fc00a2c39e90264f33305004495a9","hash":"7198caebb853cb19a49737ef48d13e8a312b4855"}
,"P:\\Coding\\Programming\\Projects\\Javascript\\mytag\\src\\index.js": {"path":"P:\\Coding\\Programming\\Projects\\Javascript\\mytag\\src\\index.js","statementMap":{"0":{"start":{"line":12,"column":18},"end":{"line":12,"column":24}},"1":{"start":{"line":25,"column":0},"end":{"line":25,"column":12}}},"fnMap":{},"branchMap":{},"s":{"0":0,"1":0},"f":{},"b":{}}
,"P:\\Coding\\Programming\\Projects\\Javascript\\mytag\\src\\app\\config.js": {"path":"P:\\Coding\\Programming\\Projects\\Javascript\\mytag\\src\\app\\config.js","statementMap":{"0":{"start":{"line":7,"column":15},"end":{"line":7,"column":29}},"1":{"start":{"line":9,"column":14},"end":{"line":16,"column":2}},"2":{"start":{"line":11,"column":21},"end":{"line":11,"column":41}},"3":{"start":{"line":18,"column":0},"end":{"line":18,"column":21}},"4":{"start":{"line":20,"column":0},"end":{"line":25,"column":1}},"5":{"start":{"line":21,"column":2},"end":{"line":24,"column":5}},"6":{"start":{"line":22,"column":27},"end":{"line":22,"column":68}},"7":{"start":{"line":23,"column":4},"end":{"line":23,"column":41}}},"fnMap":{"0":{"name":"(anonymous_0)","decl":{"start":{"line":11,"column":14},"end":{"line":11,"column":15}},"loc":{"start":{"line":11,"column":21},"end":{"line":11,"column":41}},"line":11},"1":{"name":"(anonymous_1)","decl":{"start":{"line":21,"column":35},"end":{"line":21,"column":36}},"loc":{"start":{"line":21,"column":41},"end":{"line":24,"column":3}},"line":21}},"branchMap":{"0":{"loc":{"start":{"line":20,"column":0},"end":{"line":25,"column":1}},"type":"if","locations":[{"start":{"line":20,"column":0},"end":{"line":25,"column":1}},{"start":{"line":20,"column":0},"end":{"line":25,"column":1}}],"line":20},"1":{"loc":{"start":{"line":20,"column":4},"end":{"line":20,"column":56}},"type":"binary-expr","locations":[{"start":{"line":20,"column":4},"end":{"line":20,"column":42}},{"start":{"line":20,"column":46},"end":{"line":20,"column":56}}],"line":20}},"s":{"0":0,"1":0,"2":0,"3":0,"4":0,"5":0,"6":0,"7":0},"f":{"0":0,"1":0},"b":{"0":[0,0],"1":[0,0]}}
,"P:\\Coding\\Programming\\Projects\\Javascript\\mytag\\src\\app\\index.js": {"path":"P:\\Coding\\Programming\\Projects\\Javascript\\mytag\\src\\app\\index.js","statementMap":{},"fnMap":{},"branchMap":{},"s":{},"f":{},"b":{}}
,"P:\\Coding\\Programming\\Projects\\Javascript\\mytag\\src\\components\\ErrorBoundary.jsx": {"path":"P:\\Coding\\Programming\\Projects\\Javascript\\mytag\\src\\components\\ErrorBoundary.jsx","statementMap":{"0":{"start":{"line":9,"column":18},"end":{"line":9,"column":34}},"1":{"start":{"line":13,"column":21},"end":{"line":15,"column":3}},"2":{"start":{"line":17,"column":10},"end":{"line":19,"column":3}},"3":{"start":{"line":23,"column":4},"end":{"line":27,"column":7}},"4":{"start":{"line":31,"column":38},"end":{"line":31,"column":48}},"5":{"start":{"line":32,"column":25},"end":{"line":32,"column":35}},"6":{"start":{"line":33,"column":4},"end":{"line":48,"column":5}},"7":{"start":{"line":34,"column":6},"end":{"line":34,"column":64}},"8":{"start":{"line":41,"column":6},"end":{"line":47,"column":8}},"9":{"start":{"line":49,"column":4},"end":{"line":49,"column":20}}},"fnMap":{"0":{"name":"(anonymous_0)","decl":{"start":{"line":22,"column":2},"end":{"line":22,"column":3}},"loc":{"start":{"line":22,"column":33},"end":{"line":28,"column":3}},"line":22},"1":{"name":"(anonymous_1)","decl":{"start":{"line":30,"column":2},"end":{"line":30,"column":3}},"loc":{"start":{"line":30,"column":11},"end":{"line":50,"column":3}},"line":30}},"branchMap":{"0":{"loc":{"start":{"line":33,"column":4},"end":{"line":48,"column":5}},"type":"if","locations":[{"start":{"line":33,"column":4},"end":{"line":48,"column":5}},{"start":{"line":33,"column":4},"end":{"line":48,"column":5}}],"line":33}},"s":{"0":1,"1":1,"2":0,"3":0,"4":0,"5":0,"6":0,"7":0,"8":0,"9":0},"f":{"0":0,"1":0},"b":{"0":[0,0]},"_coverageSchema":"1a1c01bbd47fc00a2c39e90264f33305004495a9","hash":"ee207eb22bd32a34861ca337369475cd8dc4b197"}
,"P:\\Coding\\Programming\\Projects\\Javascript\\mytag\\src\\components\\Loading.jsx": {"path":"P:\\Coding\\Programming\\Projects\\Javascript\\mytag\\src\\components\\Loading.jsx","statementMap":{"0":{"start":{"line":6,"column":18},"end":{"line":6,"column":27}},"1":{"start":{"line":9,"column":16},"end":{"line":26,"column":1}},"2":{"start":{"line":10,"column":2},"end":{"line":25,"column":8}},"3":{"start":{"line":28,"column":0},"end":{"line":32,"column":2}},"4":{"start":{"line":34,"column":0},"end":{"line":37,"column":2}}},"fnMap":{"0":{"name":"(anonymous_0)","decl":{"start":{"line":9,"column":16},"end":{"line":9,"column":17}},"loc":{"start":{"line":10,"column":2},"end":{"line":25,"column":8}},"line":10}},"branchMap":{"0":{"loc":{"start":{"line":12,"column":30},"end":{"line":12,"column":49}},"type":"cond-expr","locations":[{"start":{"line":12,"column":37},"end":{"line":12,"column":44}},{"start":{"line":12,"column":47},"end":{"line":12,"column":49}}],"line":12},"1":{"loc":{"start":{"line":24,"column":18},"end":{"line":24,"column":40}},"type":"cond-expr","locations":[{"start":{"line":24,"column":25},"end":{"line":24,"column":35}},{"start":{"line":24,"column":38},"end":{"line":24,"column":40}}],"line":24}},"s":{"0":0,"1":0,"2":0,"3":0,"4":0},"f":{"0":0},"b":{"0":[0,0],"1":[0,0]}}
,"P:\\Coding\\Programming\\Projects\\Javascript\\mytag\\src\\components\\Modal.jsx": {"path":"P:\\Coding\\Programming\\Projects\\Javascript\\mytag\\src\\components\\Modal.jsx","statementMap":{"0":{"start":{"line":12,"column":26},"end":{"line":14,"column":2}},"1":{"start":{"line":13,"column":2},"end":{"line":13,"column":55}},"2":{"start":{"line":16,"column":14},"end":{"line":55,"column":1}},"3":{"start":{"line":24,"column":2},"end":{"line":54,"column":8}},"4":{"start":{"line":57,"column":0},"end":{"line":64,"column":2}},"5":{"start":{"line":66,"column":0},"end":{"line":68,"column":2}}},"fnMap":{"0":{"name":"Transition","decl":{"start":{"line":12,"column":46},"end":{"line":12,"column":56}},"loc":{"start":{"line":12,"column":69},"end":{"line":14,"column":1}},"line":12},"1":{"name":"(anonymous_1)","decl":{"start":{"line":16,"column":14},"end":{"line":16,"column":15}},"loc":{"start":{"line":24,"column":2},"end":{"line":54,"column":8}},"line":24}},"branchMap":{"0":{"loc":{"start":{"line":27,"column":27},"end":{"line":27,"column":58}},"type":"binary-expr","locations":[{"start":{"line":27,"column":27},"end":{"line":27,"column":37}},{"start":{"line":27,"column":41},"end":{"line":27,"column":58}}],"line":27},"1":{"loc":{"start":{"line":33,"column":7},"end":{"line":35,"column":7}},"type":"binary-expr","locations":[{"start":{"line":33,"column":7},"end":{"line":33,"column":12}},{"start":{"line":34,"column":8},"end":{"line":34,"column":72}}],"line":33},"2":{"loc":{"start":{"line":42,"column":9},"end":{"line":46,"column":9}},"type":"binary-expr","locations":[{"start":{"line":42,"column":9},"end":{"line":42,"column":17}},{"start":{"line":43,"column":10},"end":{"line":45,"column":19}}],"line":42},"3":{"loc":{"start":{"line":47,"column":9},"end":{"line":51,"column":9}},"type":"binary-expr","locations":[{"start":{"line":47,"column":9},"end":{"line":47,"column":18}},{"start":{"line":48,"column":10},"end":{"line":50,"column":19}}],"line":47}},"s":{"0":1,"1":0,"2":1,"3":0,"4":1,"5":1},"f":{"0":0,"1":0},"b":{"0":[0,0],"1":[0,0],"2":[0,0],"3":[0,0]},"_coverageSchema":"1a1c01bbd47fc00a2c39e90264f33305004495a9","hash":"991f8a6965b55fac3ad0b6438c310e80f40b8d79"}
,"P:\\Coding\\Programming\\Projects\\Javascript\\mytag\\src\\components\\Overlay.jsx": {"path":"P:\\Coding\\Programming\\Projects\\Javascript\\mytag\\src\\components\\Overlay.jsx","statementMap":{},"fnMap":{},"branchMap":{},"s":{},"f":{},"b":{}}
,"P:\\Coding\\Programming\\Projects\\Javascript\\mytag\\src\\components\\Page.jsx": {"path":"P:\\Coding\\Programming\\Projects\\Javascript\\mytag\\src\\components\\Page.jsx","statementMap":{},"fnMap":{},"branchMap":{},"s":{},"f":{},"b":{}}
,"P:\\Coding\\Programming\\Projects\\Javascript\\mytag\\src\\components\\SidebarTitle.jsx": {"path":"P:\\Coding\\Programming\\Projects\\Javascript\\mytag\\src\\components\\SidebarTitle.jsx","statementMap":{"0":{"start":{"line":11,"column":18},"end":{"line":11,"column":32}},"1":{"start":{"line":12,"column":28},"end":{"line":17,"column":1}},"2":{"start":{"line":19,"column":27},"end":{"line":29,"column":1}},"3":{"start":{"line":20,"column":2},"end":{"line":28,"column":17}},"4":{"start":{"line":31,"column":0},"end":{"line":35,"column":2}},"5":{"start":{"line":37,"column":0},"end":{"line":40,"column":2}}},"fnMap":{"0":{"name":"(anonymous_0)","decl":{"start":{"line":19,"column":27},"end":{"line":19,"column":28}},"loc":{"start":{"line":20,"column":2},"end":{"line":28,"column":17}},"line":20}},"branchMap":{"0":{"loc":{"start":{"line":26,"column":5},"end":{"line":26,"column":34}},"type":"binary-expr","locations":[{"start":{"line":26,"column":5},"end":{"line":26,"column":14}},{"start":{"line":26,"column":18},"end":{"line":26,"column":34}}],"line":26},"1":{"loc":{"start":{"line":27,"column":5},"end":{"line":27,"column":32}},"type":"binary-expr","locations":[{"start":{"line":27,"column":5},"end":{"line":27,"column":13}},{"start":{"line":27,"column":17},"end":{"line":27,"column":32}}],"line":27}},"s":{"0":1,"1":1,"2":1,"3":0,"4":1,"5":1},"f":{"0":0},"b":{"0":[0,0],"1":[0,0]},"_coverageSchema":"1a1c01bbd47fc00a2c39e90264f33305004495a9","hash":"e6ac87087e99913e63744053a6b6fd9bcb576ec3"}
,"P:\\Coding\\Programming\\Projects\\Javascript\\mytag\\src\\components\\Snackbar.jsx": {"path":"P:\\Coding\\Programming\\Projects\\Javascript\\mytag\\src\\components\\Snackbar.jsx","statementMap":{},"fnMap":{},"branchMap":{},"s":{},"f":{},"b":{}}
,"P:\\Coding\\Programming\\Projects\\Javascript\\mytag\\src\\components\\index.js": {"path":"P:\\Coding\\Programming\\Projects\\Javascript\\mytag\\src\\components\\index.js","statementMap":{},"fnMap":{},"branchMap":{},"s":{},"f":{},"b":{},"_coverageSchema":"1a1c01bbd47fc00a2c39e90264f33305004495a9","hash":"1aa01d64df76838779825fe81b92698d50f067e4"}
,"P:\\Coding\\Programming\\Projects\\Javascript\\mytag\\src\\components\\theme.js": {"path":"P:\\Coding\\Programming\\Projects\\Javascript\\mytag\\src\\components\\theme.js","statementMap":{"0":{"start":{"line":14,"column":15},"end":{"line":14,"column":31}},"1":{"start":{"line":17,"column":14},"end":{"line":61,"column":2}},"2":{"start":{"line":64,"column":20},"end":{"line":71,"column":1}},"3":{"start":{"line":65,"column":19},"end":{"line":65,"column":29}},"4":{"start":{"line":68,"column":6},"end":{"line":68,"column":14}},"5":{"start":{"line":70,"column":2},"end":{"line":70,"column":40}},"6":{"start":{"line":74,"column":17},"end":{"line":76,"column":1}},"7":{"start":{"line":75,"column":2},"end":{"line":75,"column":57}},"8":{"start":{"line":78,"column":0},"end":{"line":80,"column":2}}},"fnMap":{"0":{"name":"(anonymous_0)","decl":{"start":{"line":64,"column":20},"end":{"line":64,"column":21}},"loc":{"start":{"line":64,"column":26},"end":{"line":71,"column":1}},"line":64},"1":{"name":"(anonymous_1)","decl":{"start":{"line":74,"column":17},"end":{"line":74,"column":18}},"loc":{"start":{"line":75,"column":2},"end":{"line":75,"column":57}},"line":75}},"branchMap":{},"s":{"0":1,"1":1,"2":1,"3":0,"4":0,"5":0,"6":1,"7":0,"8":1},"f":{"0":0,"1":0},"b":{},"_coverageSchema":"1a1c01bbd47fc00a2c39e90264f33305004495a9","hash":"26fdccda110654ce949a33265f7afb28715b9f98"}
,"P:\\Coding\\Programming\\Projects\\Javascript\\mytag\\src\\modules\\index.js": {"path":"P:\\Coding\\Programming\\Projects\\Javascript\\mytag\\src\\modules\\index.js","statementMap":{},"fnMap":{},"branchMap":{},"s":{},"f":{},"b":{}}
,"P:\\Coding\\Programming\\Projects\\Javascript\\mytag\\src\\modules\\rootMiddleware.js": {"path":"P:\\Coding\\Programming\\Projects\\Javascript\\mytag\\src\\modules\\rootMiddleware.js","statementMap":{},"fnMap":{},"branchMap":{},"s":{},"f":{},"b":{},"_coverageSchema":"1a1c01bbd47fc00a2c39e90264f33305004495a9","hash":"6706f61781c17465fd55db9feb2f42150e3ca3fc"}
,"P:\\Coding\\Programming\\Projects\\Javascript\\mytag\\src\\modules\\rootPersist.js": {"path":"P:\\Coding\\Programming\\Projects\\Javascript\\mytag\\src\\modules\\rootPersist.js","statementMap":{},"fnMap":{},"branchMap":{},"s":{},"f":{},"b":{},"_coverageSchema":"1a1c01bbd47fc00a2c39e90264f33305004495a9","hash":"b18af87be7e04a922b262ed96a5229b99e42a0b5"}
,"P:\\Coding\\Programming\\Projects\\Javascript\\mytag\\src\\modules\\rootReducer.js": {"path":"P:\\Coding\\Programming\\Projects\\Javascript\\mytag\\src\\modules\\rootReducer.js","statementMap":{"0":{"start":{"line":14,"column":2},"end":{"line":22,"column":4}}},"fnMap":{"0":{"name":"(anonymous_0)","decl":{"start":{"line":13,"column":15},"end":{"line":13,"column":16}},"loc":{"start":{"line":14,"column":2},"end":{"line":22,"column":4}},"line":14}},"branchMap":{},"s":{"0":0},"f":{"0":0},"b":{},"_coverageSchema":"1a1c01bbd47fc00a2c39e90264f33305004495a9","hash":"072a2b6787aea2ae68faaae82bdc14bbe67f939d"}
,"P:\\Coding\\Programming\\Projects\\Javascript\\mytag\\src\\modules\\rootSaga.js": {"path":"P:\\Coding\\Programming\\Projects\\Javascript\\mytag\\src\\modules\\rootSaga.js","statementMap":{"0":{"start":{"line":12,"column":2},"end":{"line":12,"column":79}}},"fnMap":{"0":{"name":"rootSaga","decl":{"start":{"line":10,"column":25},"end":{"line":10,"column":33}},"loc":{"start":{"line":10,"column":36},"end":{"line":13,"column":1}},"line":10}},"branchMap":{},"s":{"0":0},"f":{"0":0},"b":{},"_coverageSchema":"1a1c01bbd47fc00a2c39e90264f33305004495a9","hash":"e0577fba7c2f2fd2b190a51259ec573701efe67a"}
,"P:\\Coding\\Programming\\Projects\\Javascript\\mytag\\src\\modules\\app\\actions.js": {"path":"P:\\Coding\\Programming\\Projects\\Javascript\\mytag\\src\\modules\\app\\actions.js","statementMap":{"0":{"start":{"line":7,"column":15},"end":{"line":7,"column":54}},"1":{"start":{"line":22,"column":16},"end":{"line":41,"column":1}}},"fnMap":{},"branchMap":{},"s":{"0":2,"1":2},"f":{},"b":{},"_coverageSchema":"1a1c01bbd47fc00a2c39e90264f33305004495a9","hash":"cb71ad3ff2e43bbf4d88246b94bd0caa785f71f5"}
,"P:\\Coding\\Programming\\Projects\\Javascript\\mytag\\src\\modules\\app\\hooks.js": {"path":"P:\\Coding\\Programming\\Projects\\Javascript\\mytag\\src\\modules\\app\\hooks.js","statementMap":{"0":{"start":{"line":16,"column":4},"end":{"line":16,"column":14}},"1":{"start":{"line":17,"column":17},"end":{"line":137,"column":1}},"2":{"start":{"line":25,"column":21},"end":{"line":25,"column":34}},"3":{"start":{"line":27,"column":18},"end":{"line":40,"column":5}},"4":{"start":{"line":34,"column":28},"end":{"line":34,"column":54}},"5":{"start":{"line":35,"column":28},"end":{"line":35,"column":54}},"6":{"start":{"line":36,"column":29},"end":{"line":36,"column":58}},"7":{"start":{"line":37,"column":27},"end":{"line":37,"column":52}},"8":{"start":{"line":38,"column":26},"end":{"line":38,"column":50}},"9":{"start":{"line":39,"column":26},"end":{"line":39,"column":50}},"10":{"start":{"line":42,"column":22},"end":{"line":53,"column":5}},"11":{"start":{"line":55,"column":4},"end":{"line":55,"column":66}},"12":{"start":{"line":57,"column":4},"end":{"line":57,"column":17}},"13":{"start":{"line":65,"column":21},"end":{"line":65,"column":34}},"14":{"start":{"line":67,"column":18},"end":{"line":73,"column":5}},"15":{"start":{"line":71,"column":26},"end":{"line":71,"column":50}},"16":{"start":{"line":72,"column":26},"end":{"line":72,"column":50}},"17":{"start":{"line":75,"column":22},"end":{"line":79,"column":5}},"18":{"start":{"line":81,"column":4},"end":{"line":81,"column":66}},"19":{"start":{"line":83,"column":4},"end":{"line":83,"column":17}},"20":{"start":{"line":91,"column":21},"end":{"line":91,"column":34}},"21":{"start":{"line":93,"column":18},"end":{"line":99,"column":5}},"22":{"start":{"line":97,"column":29},"end":{"line":97,"column":58}},"23":{"start":{"line":98,"column":27},"end":{"line":98,"column":52}},"24":{"start":{"line":101,"column":22},"end":{"line":105,"column":5}},"25":{"start":{"line":107,"column":4},"end":{"line":107,"column":73}},"26":{"start":{"line":109,"column":4},"end":{"line":109,"column":17}},"27":{"start":{"line":117,"column":21},"end":{"line":117,"column":34}},"28":{"start":{"line":119,"column":18},"end":{"line":125,"column":5}},"29":{"start":{"line":123,"column":28},"end":{"line":123,"column":54}},"30":{"start":{"line":124,"column":28},"end":{"line":124,"column":54}},"31":{"start":{"line":127,"column":22},"end":{"line":131,"column":5}},"32":{"start":{"line":133,"column":4},"end":{"line":133,"column":68}},"33":{"start":{"line":135,"column":4},"end":{"line":135,"column":17}}},"fnMap":{"0":{"name":"(anonymous_0)","decl":{"start":{"line":24,"column":15},"end":{"line":24,"column":16}},"loc":{"start":{"line":24,"column":21},"end":{"line":58,"column":3}},"line":24},"1":{"name":"(anonymous_1)","decl":{"start":{"line":34,"column":22},"end":{"line":34,"column":23}},"loc":{"start":{"line":34,"column":28},"end":{"line":34,"column":54}},"line":34},"2":{"name":"(anonymous_2)","decl":{"start":{"line":35,"column":22},"end":{"line":35,"column":23}},"loc":{"start":{"line":35,"column":28},"end":{"line":35,"column":54}},"line":35},"3":{"name":"(anonymous_3)","decl":{"start":{"line":36,"column":21},"end":{"line":36,"column":22}},"loc":{"start":{"line":36,"column":29},"end":{"line":36,"column":58}},"line":36},"4":{"name":"(anonymous_4)","decl":{"start":{"line":37,"column":21},"end":{"line":37,"column":22}},"loc":{"start":{"line":37,"column":27},"end":{"line":37,"column":52}},"line":37},"5":{"name":"(anonymous_5)","decl":{"start":{"line":38,"column":20},"end":{"line":38,"column":21}},"loc":{"start":{"line":38,"column":26},"end":{"line":38,"column":50}},"line":38},"6":{"name":"(anonymous_6)","decl":{"start":{"line":39,"column":20},"end":{"line":39,"column":21}},"loc":{"start":{"line":39,"column":26},"end":{"line":39,"column":50}},"line":39},"7":{"name":"(anonymous_7)","decl":{"start":{"line":64,"column":15},"end":{"line":64,"column":16}},"loc":{"start":{"line":64,"column":21},"end":{"line":84,"column":3}},"line":64},"8":{"name":"(anonymous_8)","decl":{"start":{"line":71,"column":20},"end":{"line":71,"column":21}},"loc":{"start":{"line":71,"column":26},"end":{"line":71,"column":50}},"line":71},"9":{"name":"(anonymous_9)","decl":{"start":{"line":72,"column":20},"end":{"line":72,"column":21}},"loc":{"start":{"line":72,"column":26},"end":{"line":72,"column":50}},"line":72},"10":{"name":"(anonymous_10)","decl":{"start":{"line":90,"column":22},"end":{"line":90,"column":23}},"loc":{"start":{"line":90,"column":28},"end":{"line":110,"column":3}},"line":90},"11":{"name":"(anonymous_11)","decl":{"start":{"line":97,"column":21},"end":{"line":97,"column":22}},"loc":{"start":{"line":97,"column":29},"end":{"line":97,"column":58}},"line":97},"12":{"name":"(anonymous_12)","decl":{"start":{"line":98,"column":21},"end":{"line":98,"column":22}},"loc":{"start":{"line":98,"column":27},"end":{"line":98,"column":52}},"line":98},"13":{"name":"(anonymous_13)","decl":{"start":{"line":116,"column":17},"end":{"line":116,"column":18}},"loc":{"start":{"line":116,"column":23},"end":{"line":136,"column":3}},"line":116},"14":{"name":"(anonymous_14)","decl":{"start":{"line":123,"column":22},"end":{"line":123,"column":23}},"loc":{"start":{"line":123,"column":28},"end":{"line":123,"column":54}},"line":123},"15":{"name":"(anonymous_15)","decl":{"start":{"line":124,"column":22},"end":{"line":124,"column":23}},"loc":{"start":{"line":124,"column":28},"end":{"line":124,"column":54}},"line":124}},"branchMap":{},"s":{"0":0,"1":0,"2":0,"3":0,"4":0,"5":0,"6":0,"7":0,"8":0,"9":0,"10":0,"11":0,"12":0,"13":0,"14":0,"15":0,"16":0,"17":0,"18":0,"19":0,"20":0,"21":0,"22":0,"23":0,"24":0,"25":0,"26":0,"27":0,"28":0,"29":0,"30":0,"31":0,"32":0,"33":0},"f":{"0":0,"1":0,"2":0,"3":0,"4":0,"5":0,"6":0,"7":0,"8":0,"9":0,"10":0,"11":0,"12":0,"13":0,"14":0,"15":0},"b":{}}
,"P:\\Coding\\Programming\\Projects\\Javascript\\mytag\\src\\modules\\app\\index.js": {"path":"P:\\Coding\\Programming\\Projects\\Javascript\\mytag\\src\\modules\\app\\index.js","statementMap":{},"fnMap":{},"branchMap":{},"s":{},"f":{},"b":{}}
,"P:\\Coding\\Programming\\Projects\\Javascript\\mytag\\src\\modules\\app\\reducer.js": {"path":"P:\\Coding\\Programming\\Projects\\Javascript\\mytag\\src\\modules\\app\\reducer.js","statementMap":{"0":{"start":{"line":6,"column":21},"end":{"line":6,"column":45}},"1":{"start":{"line":13,"column":4},"end":{"line":13,"column":14}},"2":{"start":{"line":16,"column":2},"end":{"line":61,"column":3}},"3":{"start":{"line":18,"column":6},"end":{"line":21,"column":8}},"4":{"start":{"line":25,"column":6},"end":{"line":28,"column":8}},"5":{"start":{"line":32,"column":6},"end":{"line":35,"column":8}},"6":{"start":{"line":39,"column":6},"end":{"line":42,"column":8}},"7":{"start":{"line":46,"column":6},"end":{"line":49,"column":8}},"8":{"start":{"line":53,"column":6},"end":{"line":56,"column":8}},"9":{"start":{"line":60,"column":6},"end":{"line":60,"column":19}}},"fnMap":{"0":{"name":"reducer","decl":{"start":{"line":15,"column":24},"end":{"line":15,"column":31}},"loc":{"start":{"line":15,"column":73},"end":{"line":62,"column":1}},"line":15}},"branchMap":{"0":{"loc":{"start":{"line":15,"column":32},"end":{"line":15,"column":52}},"type":"default-arg","locations":[{"start":{"line":15,"column":40},"end":{"line":15,"column":52}}],"line":15},"1":{"loc":{"start":{"line":16,"column":2},"end":{"line":61,"column":3}},"type":"switch","locations":[{"start":{"line":17,"column":4},"end":{"line":22,"column":5}},{"start":{"line":24,"column":4},"end":{"line":29,"column":5}},{"start":{"line":31,"column":4},"end":{"line":36,"column":5}},{"start":{"line":38,"column":4},"end":{"line":43,"column":5}},{"start":{"line":45,"column":4},"end":{"line":50,"column":5}},{"start":{"line":52,"column":4},"end":{"line":57,"column":5}},{"start":{"line":59,"column":4},"end":{"line":60,"column":19}}],"line":16}},"s":{"0":2,"1":2,"2":7,"3":1,"4":1,"5":1,"6":1,"7":1,"8":1,"9":1},"f":{"0":7},"b":{"0":[1],"1":[1,1,1,1,1,1,1]},"_coverageSchema":"1a1c01bbd47fc00a2c39e90264f33305004495a9","hash":"21d838b87f8a9139100a5030bedeecf0d33172e5"}
,"P:\\Coding\\Programming\\Projects\\Javascript\\mytag\\src\\modules\\app\\selectors.js": {"path":"P:\\Coding\\Programming\\Projects\\Javascript\\mytag\\src\\modules\\app\\selectors.js","statementMap":{"0":{"start":{"line":5,"column":15},"end":{"line":5,"column":33}},"1":{"start":{"line":5,"column":24},"end":{"line":5,"column":33}},"2":{"start":{"line":12,"column":27},"end":{"line":12,"column":67}},"3":{"start":{"line":12,"column":61},"end":{"line":12,"column":66}},"4":{"start":{"line":19,"column":35},"end":{"line":19,"column":71}},"5":{"start":{"line":19,"column":44},"end":{"line":19,"column":71}},"6":{"start":{"line":26,"column":31},"end":{"line":29,"column":1}},"7":{"start":{"line":28,"column":11},"end":{"line":28,"column":29}},"8":{"start":{"line":36,"column":33},"end":{"line":36,"column":67}},"9":{"start":{"line":36,"column":42},"end":{"line":36,"column":67}}},"fnMap":{"0":{"name":"(anonymous_0)","decl":{"start":{"line":5,"column":15},"end":{"line":5,"column":16}},"loc":{"start":{"line":5,"column":24},"end":{"line":5,"column":33}},"line":5},"1":{"name":"(anonymous_1)","decl":{"start":{"line":12,"column":52},"end":{"line":12,"column":53}},"loc":{"start":{"line":12,"column":61},"end":{"line":12,"column":66}},"line":12},"2":{"name":"(anonymous_2)","decl":{"start":{"line":19,"column":35},"end":{"line":19,"column":36}},"loc":{"start":{"line":19,"column":44},"end":{"line":19,"column":71}},"line":19},"3":{"name":"(anonymous_3)","decl":{"start":{"line":28,"column":2},"end":{"line":28,"column":3}},"loc":{"start":{"line":28,"column":11},"end":{"line":28,"column":29}},"line":28},"4":{"name":"(anonymous_4)","decl":{"start":{"line":36,"column":33},"end":{"line":36,"column":34}},"loc":{"start":{"line":36,"column":42},"end":{"line":36,"column":67}},"line":36}},"branchMap":{},"s":{"0":1,"1":3,"2":1,"3":1,"4":1,"5":1,"6":1,"7":1,"8":1,"9":1},"f":{"0":3,"1":1,"2":1,"3":1,"4":1},"b":{},"_coverageSchema":"1a1c01bbd47fc00a2c39e90264f33305004495a9","hash":"0c94b15983c42a728d3de0c88f333a302e1dafd1"}
,"P:\\Coding\\Programming\\Projects\\Javascript\\mytag\\src\\modules\\app\\types.js": {"path":"P:\\Coding\\Programming\\Projects\\Javascript\\mytag\\src\\modules\\app\\types.js","statementMap":{"0":{"start":{"line":2,"column":15},"end":{"line":2,"column":58}},"1":{"start":{"line":4,"column":20},"end":{"line":11,"column":1}}},"fnMap":{},"branchMap":{},"s":{"0":0,"1":0},"f":{},"b":{}}
,"P:\\Coding\\Programming\\Projects\\Javascript\\mytag\\src\\modules\\app\\util.js": {"path":"P:\\Coding\\Programming\\Projects\\Javascript\\mytag\\src\\modules\\app\\util.js","statementMap":{"0":{"start":{"line":1,"column":23},"end":{"line":1,"column":25}},"1":{"start":{"line":3,"column":24},"end":{"line":24,"column":1}},"2":{"start":{"line":9,"column":28},"end":{"line":13,"column":3}},"3":{"start":{"line":20,"column":35},"end":{"line":23,"column":3}}},"fnMap":{"0":{"name":"(anonymous_0)","decl":{"start":{"line":9,"column":21},"end":{"line":9,"column":22}},"loc":{"start":{"line":9,"column":28},"end":{"line":13,"column":3}},"line":9},"1":{"name":"(anonymous_1)","decl":{"start":{"line":20,"column":18},"end":{"line":20,"column":19}},"loc":{"start":{"line":20,"column":35},"end":{"line":23,"column":3}},"line":20}},"branchMap":{"0":{"loc":{"start":{"line":20,"column":19},"end":{"line":20,"column":29}},"type":"default-arg","locations":[{"start":{"line":20,"column":27},"end":{"line":20,"column":29}}],"line":20}},"s":{"0":2,"1":2,"2":19,"3":10},"f":{"0":19,"1":10},"b":{"0":[0]},"_coverageSchema":"1a1c01bbd47fc00a2c39e90264f33305004495a9","hash":"5bbd062874bcadbf3ec0315574748fac5c8a1e55"}
,"P:\\Coding\\Programming\\Projects\\Javascript\\mytag\\src\\modules\\app\\__test__\\actions.testPartial.js": {"path":"P:\\Coding\\Programming\\Projects\\Javascript\\mytag\\src\\modules\\app\\__test__\\actions.testPartial.js","statementMap":{"0":{"start":{"line":14,"column":4},"end":{"line":14,"column":11}},"1":{"start":{"line":16,"column":23},"end":{"line":67,"column":4}},"2":{"start":{"line":17,"column":2},"end":{"line":67,"column":4}},"3":{"start":{"line":18,"column":4},"end":{"line":31,"column":7}},"4":{"start":{"line":19,"column":6},"end":{"line":24,"column":9}},"5":{"start":{"line":20,"column":8},"end":{"line":23,"column":11}},"6":{"start":{"line":25,"column":6},"end":{"line":30,"column":9}},"7":{"start":{"line":26,"column":8},"end":{"line":29,"column":11}},"8":{"start":{"line":33,"column":4},"end":{"line":51,"column":7}},"9":{"start":{"line":34,"column":6},"end":{"line":44,"column":9}},"10":{"start":{"line":35,"column":23},"end":{"line":39,"column":9}},"11":{"start":{"line":40,"column":8},"end":{"line":43,"column":11}},"12":{"start":{"line":45,"column":6},"end":{"line":50,"column":9}},"13":{"start":{"line":46,"column":8},"end":{"line":49,"column":11}},"14":{"start":{"line":53,"column":4},"end":{"line":66,"column":7}},"15":{"start":{"line":54,"column":6},"end":{"line":59,"column":9}},"16":{"start":{"line":55,"column":8},"end":{"line":58,"column":11}},"17":{"start":{"line":60,"column":6},"end":{"line":65,"column":9}},"18":{"start":{"line":61,"column":8},"end":{"line":64,"column":11}}},"fnMap":{"0":{"name":"(anonymous_0)","decl":{"start":{"line":16,"column":23},"end":{"line":16,"column":24}},"loc":{"start":{"line":17,"column":2},"end":{"line":67,"column":4}},"line":17},"1":{"name":"(anonymous_1)","decl":{"start":{"line":17,"column":23},"end":{"line":17,"column":24}},"loc":{"start":{"line":17,"column":29},"end":{"line":67,"column":3}},"line":17},"2":{"name":"(anonymous_2)","decl":{"start":{"line":18,"column":33},"end":{"line":18,"column":34}},"loc":{"start":{"line":18,"column":39},"end":{"line":31,"column":5}},"line":18},"3":{"name":"(anonymous_3)","decl":{"start":{"line":19,"column":46},"end":{"line":19,"column":47}},"loc":{"start":{"line":19,"column":52},"end":{"line":24,"column":7}},"line":19},"4":{"name":"(anonymous_4)","decl":{"start":{"line":25,"column":43},"end":{"line":25,"column":44}},"loc":{"start":{"line":25,"column":49},"end":{"line":30,"column":7}},"line":25},"5":{"name":"(anonymous_5)","decl":{"start":{"line":33,"column":38},"end":{"line":33,"column":39}},"loc":{"start":{"line":33,"column":44},"end":{"line":51,"column":5}},"line":33},"6":{"name":"(anonymous_6)","decl":{"start":{"line":34,"column":51},"end":{"line":34,"column":52}},"loc":{"start":{"line":34,"column":57},"end":{"line":44,"column":7}},"line":34},"7":{"name":"(anonymous_7)","decl":{"start":{"line":45,"column":48},"end":{"line":45,"column":49}},"loc":{"start":{"line":45,"column":54},"end":{"line":50,"column":7}},"line":45},"8":{"name":"(anonymous_8)","decl":{"start":{"line":53,"column":31},"end":{"line":53,"column":32}},"loc":{"start":{"line":53,"column":37},"end":{"line":66,"column":5}},"line":53},"9":{"name":"(anonymous_9)","decl":{"start":{"line":54,"column":44},"end":{"line":54,"column":45}},"loc":{"start":{"line":54,"column":50},"end":{"line":59,"column":7}},"line":54},"10":{"name":"(anonymous_10)","decl":{"start":{"line":60,"column":41},"end":{"line":60,"column":42}},"loc":{"start":{"line":60,"column":47},"end":{"line":65,"column":7}},"line":60}},"branchMap":{},"s":{"0":1,"1":1,"2":1,"3":1,"4":1,"5":1,"6":1,"7":1,"8":1,"9":1,"10":1,"11":1,"12":1,"13":1,"14":1,"15":1,"16":1,"17":1,"18":1},"f":{"0":1,"1":1,"2":1,"3":1,"4":1,"5":1,"6":1,"7":1,"8":1,"9":1,"10":1},"b":{},"_coverageSchema":"1a1c01bbd47fc00a2c39e90264f33305004495a9","hash":"4b7540cb53a16b781ef4b3412cb1a6cd89dbe59c"}
,"P:\\Coding\\Programming\\Projects\\Javascript\\mytag\\src\\modules\\app\\__test__\\reducer.testPartial.js": {"path":"P:\\Coding\\Programming\\Projects\\Javascript\\mytag\\src\\modules\\app\\__test__\\reducer.testPartial.js","statementMap":{"0":{"start":{"line":16,"column":4},"end":{"line":16,"column":11}},"1":{"start":{"line":19,"column":23},"end":{"line":88,"column":4}},"2":{"start":{"line":20,"column":2},"end":{"line":88,"column":4}},"3":{"start":{"line":22,"column":22},"end":{"line":22,"column":44}},"4":{"start":{"line":23,"column":4},"end":{"line":25,"column":7}},"5":{"start":{"line":24,"column":6},"end":{"line":24,"column":49}},"6":{"start":{"line":27,"column":4},"end":{"line":29,"column":7}},"7":{"start":{"line":28,"column":6},"end":{"line":28,"column":65}},"8":{"start":{"line":31,"column":4},"end":{"line":39,"column":7}},"9":{"start":{"line":32,"column":6},"end":{"line":38,"column":8}},"10":{"start":{"line":41,"column":4},"end":{"line":45,"column":7}},"11":{"start":{"line":42,"column":6},"end":{"line":44,"column":36}},"12":{"start":{"line":47,"column":4},"end":{"line":62,"column":7}},"13":{"start":{"line":48,"column":22},"end":{"line":52,"column":7}},"14":{"start":{"line":53,"column":6},"end":{"line":61,"column":8}},"15":{"start":{"line":64,"column":4},"end":{"line":73,"column":7}},"16":{"start":{"line":65,"column":6},"end":{"line":72,"column":36}},"17":{"start":{"line":75,"column":4},"end":{"line":81,"column":7}},"18":{"start":{"line":76,"column":6},"end":{"line":80,"column":8}},"19":{"start":{"line":83,"column":4},"end":{"line":87,"column":7}},"20":{"start":{"line":84,"column":6},"end":{"line":86,"column":36}}},"fnMap":{"0":{"name":"(anonymous_0)","decl":{"start":{"line":19,"column":23},"end":{"line":19,"column":24}},"loc":{"start":{"line":20,"column":2},"end":{"line":88,"column":4}},"line":20},"1":{"name":"(anonymous_1)","decl":{"start":{"line":20,"column":22},"end":{"line":20,"column":23}},"loc":{"start":{"line":20,"column":28},"end":{"line":88,"column":3}},"line":20},"2":{"name":"(anonymous_2)","decl":{"start":{"line":23,"column":15},"end":{"line":23,"column":16}},"loc":{"start":{"line":23,"column":21},"end":{"line":25,"column":5}},"line":23},"3":{"name":"(anonymous_3)","decl":{"start":{"line":27,"column":36},"end":{"line":27,"column":37}},"loc":{"start":{"line":27,"column":42},"end":{"line":29,"column":5}},"line":27},"4":{"name":"(anonymous_4)","decl":{"start":{"line":31,"column":44},"end":{"line":31,"column":45}},"loc":{"start":{"line":31,"column":50},"end":{"line":39,"column":5}},"line":31},"5":{"name":"(anonymous_5)","decl":{"start":{"line":41,"column":43},"end":{"line":41,"column":44}},"loc":{"start":{"line":41,"column":49},"end":{"line":45,"column":5}},"line":41},"6":{"name":"(anonymous_6)","decl":{"start":{"line":47,"column":49},"end":{"line":47,"column":50}},"loc":{"start":{"line":47,"column":55},"end":{"line":62,"column":5}},"line":47},"7":{"name":"(anonymous_7)","decl":{"start":{"line":64,"column":48},"end":{"line":64,"column":49}},"loc":{"start":{"line":64,"column":54},"end":{"line":73,"column":5}},"line":64},"8":{"name":"(anonymous_8)","decl":{"start":{"line":75,"column":42},"end":{"line":75,"column":43}},"loc":{"start":{"line":75,"column":48},"end":{"line":81,"column":5}},"line":75},"9":{"name":"(anonymous_9)","decl":{"start":{"line":83,"column":41},"end":{"line":83,"column":42}},"loc":{"start":{"line":83,"column":47},"end":{"line":87,"column":5}},"line":83}},"branchMap":{},"s":{"0":1,"1":1,"2":1,"3":1,"4":1,"5":7,"6":1,"7":1,"8":1,"9":1,"10":1,"11":1,"12":1,"13":1,"14":1,"15":1,"16":1,"17":1,"18":1,"19":1,"20":1},"f":{"0":1,"1":1,"2":7,"3":1,"4":1,"5":1,"6":1,"7":1,"8":1,"9":1},"b":{},"_coverageSchema":"1a1c01bbd47fc00a2c39e90264f33305004495a9","hash":"46b69132702fcd4308848584fe30c41dc69bfb1d"}
,"P:\\Coding\\Programming\\Projects\\Javascript\\mytag\\src\\modules\\app\\__test__\\selectors.testPartial.js": {"path":"P:\\Coding\\Programming\\Projects\\Javascript\\mytag\\src\\modules\\app\\__test__\\selectors.testPartial.js","statementMap":{"0":{"start":{"line":8,"column":25},"end":{"line":45,"column":4}},"1":{"start":{"line":9,"column":2},"end":{"line":45,"column":4}},"2":{"start":{"line":10,"column":22},"end":{"line":10,"column":24}},"3":{"start":{"line":11,"column":4},"end":{"line":20,"column":7}},"4":{"start":{"line":13,"column":6},"end":{"line":19,"column":9}},"5":{"start":{"line":22,"column":4},"end":{"line":26,"column":7}},"6":{"start":{"line":23,"column":6},"end":{"line":25,"column":26}},"7":{"start":{"line":28,"column":4},"end":{"line":32,"column":7}},"8":{"start":{"line":29,"column":6},"end":{"line":31,"column":26}},"9":{"start":{"line":34,"column":4},"end":{"line":38,"column":7}},"10":{"start":{"line":35,"column":6},"end":{"line":37,"column":26}},"11":{"start":{"line":40,"column":4},"end":{"line":44,"column":7}},"12":{"start":{"line":41,"column":6},"end":{"line":43,"column":26}}},"fnMap":{"0":{"name":"(anonymous_0)","decl":{"start":{"line":8,"column":25},"end":{"line":8,"column":26}},"loc":{"start":{"line":9,"column":2},"end":{"line":45,"column":4}},"line":9},"1":{"name":"(anonymous_1)","decl":{"start":{"line":9,"column":24},"end":{"line":9,"column":25}},"loc":{"start":{"line":9,"column":30},"end":{"line":45,"column":3}},"line":9},"2":{"name":"(anonymous_2)","decl":{"start":{"line":11,"column":15},"end":{"line":11,"column":16}},"loc":{"start":{"line":11,"column":21},"end":{"line":20,"column":5}},"line":11},"3":{"name":"(anonymous_3)","decl":{"start":{"line":22,"column":31},"end":{"line":22,"column":32}},"loc":{"start":{"line":22,"column":37},"end":{"line":26,"column":5}},"line":22},"4":{"name":"(anonymous_4)","decl":{"start":{"line":28,"column":56},"end":{"line":28,"column":57}},"loc":{"start":{"line":28,"column":62},"end":{"line":32,"column":5}},"line":28},"5":{"name":"(anonymous_5)","decl":{"start":{"line":34,"column":53},"end":{"line":34,"column":54}},"loc":{"start":{"line":34,"column":59},"end":{"line":38,"column":5}},"line":34},"6":{"name":"(anonymous_6)","decl":{"start":{"line":40,"column":55},"end":{"line":40,"column":56}},"loc":{"start":{"line":40,"column":61},"end":{"line":44,"column":5}},"line":40}},"branchMap":{},"s":{"0":1,"1":1,"2":1,"3":1,"4":4,"5":1,"6":1,"7":1,"8":1,"9":1,"10":1,"11":1,"12":1},"f":{"0":1,"1":1,"2":4,"3":1,"4":1,"5":1,"6":1},"b":{},"_coverageSchema":"1a1c01bbd47fc00a2c39e90264f33305004495a9","hash":"98834abfcec2523392b2e3a68721e25680ded84f"}
,"P:\\Coding\\Programming\\Projects\\Javascript\\mytag\\src\\modules\\categories\\actions.js": {"path":"P:\\Coding\\Programming\\Projects\\Javascript\\mytag\\src\\modules\\categories\\actions.js","statementMap":{"0":{"start":{"line":7,"column":15},"end":{"line":7,"column":54}},"1":{"start":{"line":10,"column":16},"end":{"line":41,"column":1}}},"fnMap":{},"branchMap":{},"s":{"0":4,"1":4},"f":{},"b":{},"_coverageSchema":"1a1c01bbd47fc00a2c39e90264f33305004495a9","hash":"c5019ac23495caadd0f0dc359f727b814a886af3"}
,"P:\\Coding\\Programming\\Projects\\Javascript\\mytag\\src\\modules\\categories\\hooks.js": {"path":"P:\\Coding\\Programming\\Projects\\Javascript\\mytag\\src\\modules\\categories\\hooks.js","statementMap":{"0":{"start":{"line":22,"column":4},"end":{"line":22,"column":21}},"1":{"start":{"line":32,"column":34},"end":{"line":79,"column":1}},"2":{"start":{"line":33,"column":19},"end":{"line":33,"column":32}},"3":{"start":{"line":34,"column":24},"end":{"line":34,"column":45}},"4":{"start":{"line":36,"column":16},"end":{"line":57,"column":3}},"5":{"start":{"line":42,"column":6},"end":{"line":42,"column":44}},"6":{"start":{"line":45,"column":6},"end":{"line":45,"column":43}},"7":{"start":{"line":48,"column":20},"end":{"line":48,"column":38}},"8":{"start":{"line":49,"column":26},"end":{"line":49,"column":50}},"9":{"start":{"line":50,"column":23},"end":{"line":50,"column":45}},"10":{"start":{"line":51,"column":27},"end":{"line":51,"column":51}},"11":{"start":{"line":52,"column":23},"end":{"line":52,"column":45}},"12":{"start":{"line":53,"column":27},"end":{"line":53,"column":51}},"13":{"start":{"line":54,"column":23},"end":{"line":54,"column":48}},"14":{"start":{"line":55,"column":27},"end":{"line":55,"column":54}},"15":{"start":{"line":56,"column":20},"end":{"line":56,"column":47}},"16":{"start":{"line":59,"column":20},"end":{"line":74,"column":3}},"17":{"start":{"line":76,"column":2},"end":{"line":76,"column":71}},"18":{"start":{"line":78,"column":2},"end":{"line":78,"column":15}}},"fnMap":{"0":{"name":"(anonymous_0)","decl":{"start":{"line":32,"column":34},"end":{"line":32,"column":35}},"loc":{"start":{"line":32,"column":40},"end":{"line":79,"column":1}},"line":32},"1":{"name":"(anonymous_1)","decl":{"start":{"line":41,"column":34},"end":{"line":41,"column":35}},"loc":{"start":{"line":42,"column":6},"end":{"line":42,"column":44}},"line":42},"2":{"name":"(anonymous_2)","decl":{"start":{"line":44,"column":33},"end":{"line":44,"column":34}},"loc":{"start":{"line":45,"column":6},"end":{"line":45,"column":43}},"line":45},"3":{"name":"(anonymous_3)","decl":{"start":{"line":48,"column":14},"end":{"line":48,"column":15}},"loc":{"start":{"line":48,"column":20},"end":{"line":48,"column":38}},"line":48},"4":{"name":"(anonymous_4)","decl":{"start":{"line":49,"column":20},"end":{"line":49,"column":21}},"loc":{"start":{"line":49,"column":26},"end":{"line":49,"column":50}},"line":49},"5":{"name":"(anonymous_5)","decl":{"start":{"line":50,"column":15},"end":{"line":50,"column":16}},"loc":{"start":{"line":50,"column":23},"end":{"line":50,"column":45}},"line":50},"6":{"name":"(anonymous_6)","decl":{"start":{"line":51,"column":21},"end":{"line":51,"column":22}},"loc":{"start":{"line":51,"column":27},"end":{"line":51,"column":51}},"line":51},"7":{"name":"(anonymous_7)","decl":{"start":{"line":52,"column":15},"end":{"line":52,"column":16}},"loc":{"start":{"line":52,"column":23},"end":{"line":52,"column":45}},"line":52},"8":{"name":"(anonymous_8)","decl":{"start":{"line":53,"column":21},"end":{"line":53,"column":22}},"loc":{"start":{"line":53,"column":27},"end":{"line":53,"column":51}},"line":53},"9":{"name":"(anonymous_9)","decl":{"start":{"line":54,"column":15},"end":{"line":54,"column":16}},"loc":{"start":{"line":54,"column":23},"end":{"line":54,"column":48}},"line":54},"10":{"name":"(anonymous_10)","decl":{"start":{"line":55,"column":21},"end":{"line":55,"column":22}},"loc":{"start":{"line":55,"column":27},"end":{"line":55,"column":54}},"line":55},"11":{"name":"(anonymous_11)","decl":{"start":{"line":56,"column":14},"end":{"line":56,"column":15}},"loc":{"start":{"line":56,"column":20},"end":{"line":56,"column":47}},"line":56}},"branchMap":{},"s":{"0":1,"1":1,"2":0,"3":0,"4":0,"5":0,"6":0,"7":0,"8":0,"9":0,"10":0,"11":0,"12":0,"13":0,"14":0,"15":0,"16":0,"17":0,"18":0},"f":{"0":0,"1":0,"2":0,"3":0,"4":0,"5":0,"6":0,"7":0,"8":0,"9":0,"10":0,"11":0},"b":{},"_coverageSchema":"1a1c01bbd47fc00a2c39e90264f33305004495a9","hash":"799d3910dfeb4f8b1a792a91542b0b18a359cc7c"}
,"P:\\Coding\\Programming\\Projects\\Javascript\\mytag\\src\\modules\\categories\\index.js": {"path":"P:\\Coding\\Programming\\Projects\\Javascript\\mytag\\src\\modules\\categories\\index.js","statementMap":{},"fnMap":{},"branchMap":{},"s":{},"f":{},"b":{},"_coverageSchema":"1a1c01bbd47fc00a2c39e90264f33305004495a9","hash":"710b65b5dcd4ea185b5c975a7d4f939b4cda5bb6"}
,"P:\\Coding\\Programming\\Projects\\Javascript\\mytag\\src\\modules\\categories\\reducer.js": {"path":"P:\\Coding\\Programming\\Projects\\Javascript\\mytag\\src\\modules\\categories\\reducer.js","statementMap":{"0":{"start":{"line":6,"column":21},"end":{"line":6,"column":45}},"1":{"start":{"line":15,"column":4},"end":{"line":15,"column":21}},"2":{"start":{"line":18,"column":2},"end":{"line":52,"column":3}},"3":{"start":{"line":20,"column":6},"end":{"line":23,"column":8}},"4":{"start":{"line":28,"column":26},"end":{"line":28,"column":43}},"5":{"start":{"line":29,"column":6},"end":{"line":31,"column":9}},"6":{"start":{"line":30,"column":8},"end":{"line":30,"column":42}},"7":{"start":{"line":32,"column":6},"end":{"line":35,"column":8}},"8":{"start":{"line":39,"column":46},"end":{"line":39,"column":63}},"9":{"start":{"line":40,"column":6},"end":{"line":43,"column":8}},"10":{"start":{"line":47,"column":6},"end":{"line":47,"column":26}},"11":{"start":{"line":51,"column":6},"end":{"line":51,"column":19}}},"fnMap":{"0":{"name":"reducer","decl":{"start":{"line":17,"column":24},"end":{"line":17,"column":31}},"loc":{"start":{"line":17,"column":73},"end":{"line":53,"column":1}},"line":17},"1":{"name":"(anonymous_1)","decl":{"start":{"line":29,"column":22},"end":{"line":29,"column":23}},"loc":{"start":{"line":29,"column":43},"end":{"line":31,"column":7}},"line":29}},"branchMap":{"0":{"loc":{"start":{"line":17,"column":32},"end":{"line":17,"column":52}},"type":"default-arg","locations":[{"start":{"line":17,"column":40},"end":{"line":17,"column":52}}],"line":17},"1":{"loc":{"start":{"line":18,"column":2},"end":{"line":52,"column":3}},"type":"switch","locations":[{"start":{"line":19,"column":4},"end":{"line":24,"column":5}},{"start":{"line":26,"column":4},"end":{"line":26,"column":28}},{"start":{"line":27,"column":4},"end":{"line":36,"column":5}},{"start":{"line":38,"column":4},"end":{"line":44,"column":5}},{"start":{"line":46,"column":4},"end":{"line":48,"column":5}},{"start":{"line":50,"column":4},"end":{"line":51,"column":19}}],"line":18}},"s":{"0":3,"1":3,"2":22,"3":2,"4":4,"5":4,"6":4,"7":4,"8":2,"9":2,"10":1,"11":13},"f":{"0":22,"1":4},"b":{"0":[9],"1":[2,2,4,2,1,13]},"_coverageSchema":"1a1c01bbd47fc00a2c39e90264f33305004495a9","hash":"5b27761cb9bd70d06de77ae66a459a00ef9cc97e"}
,"P:\\Coding\\Programming\\Projects\\Javascript\\mytag\\src\\modules\\categories\\sagas.js": {"path":"P:\\Coding\\Programming\\Projects\\Javascript\\mytag\\src\\modules\\categories\\sagas.js","statementMap":{"0":{"start":{"line":11,"column":24},"end":{"line":11,"column":33}},"1":{"start":{"line":12,"column":37},"end":{"line":12,"column":44}},"2":{"start":{"line":40,"column":4},"end":{"line":40,"column":21}},"3":{"start":{"line":44,"column":2},"end":{"line":44,"column":40}},"4":{"start":{"line":45,"column":2},"end":{"line":45,"column":14}},"5":{"start":{"line":49,"column":2},"end":{"line":49,"column":43}},"6":{"start":{"line":50,"column":2},"end":{"line":50,"column":14}},"7":{"start":{"line":54,"column":2},"end":{"line":54,"column":40}},"8":{"start":{"line":55,"column":2},"end":{"line":55,"column":14}},"9":{"start":{"line":59,"column":2},"end":{"line":59,"column":40}},"10":{"start":{"line":60,"column":2},"end":{"line":60,"column":14}},"11":{"start":{"line":65,"column":2},"end":{"line":89,"column":3}},"12":{"start":{"line":66,"column":21},"end":{"line":73,"column":6}},"13":{"start":{"line":75,"column":37},"end":{"line":78,"column":6}},"14":{"start":{"line":80,"column":4},"end":{"line":86,"column":5}},"15":{"start":{"line":81,"column":6},"end":{"line":83,"column":7}},"16":{"start":{"line":81,"column":19},"end":{"line":81,"column":20}},"17":{"start":{"line":82,"column":8},"end":{"line":82,"column":34}},"18":{"start":{"line":85,"column":6},"end":{"line":85,"column":21}},"19":{"start":{"line":88,"column":4},"end":{"line":88,"column":19}},"20":{"start":{"line":93,"column":2},"end":{"line":117,"column":3}},"21":{"start":{"line":94,"column":21},"end":{"line":101,"column":6}},"22":{"start":{"line":98,"column":31},"end":{"line":98,"column":41}},"23":{"start":{"line":103,"column":37},"end":{"line":106,"column":6}},"24":{"start":{"line":108,"column":4},"end":{"line":114,"column":5}},"25":{"start":{"line":109,"column":6},"end":{"line":111,"column":7}},"26":{"start":{"line":109,"column":19},"end":{"line":109,"column":20}},"27":{"start":{"line":110,"column":8},"end":{"line":110,"column":34}},"28":{"start":{"line":113,"column":6},"end":{"line":113,"column":21}},"29":{"start":{"line":116,"column":4},"end":{"line":116,"column":19}},"30":{"start":{"line":121,"column":2},"end":{"line":145,"column":3}},"31":{"start":{"line":122,"column":21},"end":{"line":129,"column":6}},"32":{"start":{"line":131,"column":37},"end":{"line":134,"column":6}},"33":{"start":{"line":136,"column":4},"end":{"line":142,"column":5}},"34":{"start":{"line":137,"column":6},"end":{"line":139,"column":7}},"35":{"start":{"line":137,"column":19},"end":{"line":137,"column":20}},"36":{"start":{"line":138,"column":8},"end":{"line":138,"column":34}},"37":{"start":{"line":141,"column":6},"end":{"line":141,"column":21}},"38":{"start":{"line":144,"column":4},"end":{"line":144,"column":19}},"39":{"start":{"line":149,"column":2},"end":{"line":173,"column":3}},"40":{"start":{"line":150,"column":21},"end":{"line":157,"column":6}},"41":{"start":{"line":159,"column":37},"end":{"line":162,"column":6}},"42":{"start":{"line":164,"column":4},"end":{"line":170,"column":5}},"43":{"start":{"line":165,"column":6},"end":{"line":167,"column":7}},"44":{"start":{"line":165,"column":19},"end":{"line":165,"column":20}},"45":{"start":{"line":166,"column":8},"end":{"line":166,"column":34}},"46":{"start":{"line":169,"column":6},"end":{"line":169,"column":21}},"47":{"start":{"line":172,"column":4},"end":{"line":172,"column":19}},"48":{"start":{"line":178,"column":2},"end":{"line":178,"column":50}},"49":{"start":{"line":182,"column":2},"end":{"line":182,"column":52}},"50":{"start":{"line":186,"column":2},"end":{"line":186,"column":53}},"51":{"start":{"line":190,"column":2},"end":{"line":190,"column":50}},"52":{"start":{"line":194,"column":2},"end":{"line":199,"column":5}}},"fnMap":{"0":{"name":"getAllSuccesses","decl":{"start":{"line":43,"column":10},"end":{"line":43,"column":25}},"loc":{"start":{"line":43,"column":28},"end":{"line":46,"column":1}},"line":43},"1":{"name":"deleteReqSuccesses","decl":{"start":{"line":48,"column":10},"end":{"line":48,"column":28}},"loc":{"start":{"line":48,"column":31},"end":{"line":51,"column":1}},"line":48},"2":{"name":"createSuccesses","decl":{"start":{"line":53,"column":10},"end":{"line":53,"column":25}},"loc":{"start":{"line":53,"column":28},"end":{"line":56,"column":1}},"line":53},"3":{"name":"updateSuccesses","decl":{"start":{"line":58,"column":10},"end":{"line":58,"column":25}},"loc":{"start":{"line":58,"column":28},"end":{"line":61,"column":1}},"line":58},"4":{"name":"categoriesFetchAll","decl":{"start":{"line":64,"column":17},"end":{"line":64,"column":35}},"loc":{"start":{"line":64,"column":38},"end":{"line":90,"column":1}},"line":64},"5":{"name":"categoriesDelete","decl":{"start":{"line":92,"column":17},"end":{"line":92,"column":33}},"loc":{"start":{"line":92,"column":47},"end":{"line":118,"column":1}},"line":92},"6":{"name":"(anonymous_6)","decl":{"start":{"line":98,"column":25},"end":{"line":98,"column":26}},"loc":{"start":{"line":98,"column":31},"end":{"line":98,"column":41}},"line":98},"7":{"name":"categoriesUpdate","decl":{"start":{"line":120,"column":17},"end":{"line":120,"column":33}},"loc":{"start":{"line":120,"column":47},"end":{"line":146,"column":1}},"line":120},"8":{"name":"categoriesCreate","decl":{"start":{"line":148,"column":17},"end":{"line":148,"column":33}},"loc":{"start":{"line":148,"column":47},"end":{"line":174,"column":1}},"line":148},"9":{"name":"watchReqForCreateCategories","decl":{"start":{"line":177,"column":17},"end":{"line":177,"column":44}},"loc":{"start":{"line":177,"column":47},"end":{"line":179,"column":1}},"line":177},"10":{"name":"watchReqForFetchAllCategories","decl":{"start":{"line":181,"column":17},"end":{"line":181,"column":46}},"loc":{"start":{"line":181,"column":49},"end":{"line":183,"column":1}},"line":181},"11":{"name":"watchReqForDeleteCategories","decl":{"start":{"line":185,"column":17},"end":{"line":185,"column":44}},"loc":{"start":{"line":185,"column":47},"end":{"line":187,"column":1}},"line":185},"12":{"name":"watchReqForUpdateCategories","decl":{"start":{"line":189,"column":17},"end":{"line":189,"column":44}},"loc":{"start":{"line":189,"column":47},"end":{"line":191,"column":1}},"line":189},"13":{"name":"watcher","decl":{"start":{"line":193,"column":10},"end":{"line":193,"column":17}},"loc":{"start":{"line":193,"column":20},"end":{"line":200,"column":1}},"line":193}},"branchMap":{"0":{"loc":{"start":{"line":80,"column":4},"end":{"line":86,"column":5}},"type":"if","locations":[{"start":{"line":80,"column":4},"end":{"line":86,"column":5}},{"start":{"line":80,"column":4},"end":{"line":86,"column":5}}],"line":80},"1":{"loc":{"start":{"line":108,"column":4},"end":{"line":114,"column":5}},"type":"if","locations":[{"start":{"line":108,"column":4},"end":{"line":114,"column":5}},{"start":{"line":108,"column":4},"end":{"line":114,"column":5}}],"line":108},"2":{"loc":{"start":{"line":136,"column":4},"end":{"line":142,"column":5}},"type":"if","locations":[{"start":{"line":136,"column":4},"end":{"line":142,"column":5}},{"start":{"line":136,"column":4},"end":{"line":142,"column":5}}],"line":136},"3":{"loc":{"start":{"line":164,"column":4},"end":{"line":170,"column":5}},"type":"if","locations":[{"start":{"line":164,"column":4},"end":{"line":170,"column":5}},{"start":{"line":164,"column":4},"end":{"line":170,"column":5}}],"line":164}},"s":{"0":3,"1":3,"2":3,"3":2,"4":1,"5":2,"6":1,"7":2,"8":1,"9":2,"10":1,"11":2,"12":2,"13":2,"14":1,"15":0,"16":0,"17":0,"18":1,"19":0,"20":2,"21":2,"22":1,"23":2,"24":1,"25":0,"26":0,"27":0,"28":1,"29":0,"30":2,"31":2,"32":2,"33":1,"34":0,"35":0,"36":0,"37":1,"38":0,"39":2,"40":2,"41":2,"42":1,"43":0,"44":0,"45":0,"46":1,"47":0,"48":1,"49":1,"50":1,"51":1,"52":0},"f":{"0":2,"1":2,"2":2,"3":2,"4":2,"5":2,"6":1,"7":2,"8":2,"9":1,"10":1,"11":1,"12":1,"13":0},"b":{"0":[0,1],"1":[0,1],"2":[0,1],"3":[0,1]},"_coverageSchema":"1a1c01bbd47fc00a2c39e90264f33305004495a9","hash":"15b0b60f59d568c49e2f5a6192b61b529a579f6e"}
,"P:\\Coding\\Programming\\Projects\\Javascript\\mytag\\src\\modules\\categories\\selectors.js": {"path":"P:\\Coding\\Programming\\Projects\\Javascript\\mytag\\src\\modules\\categories\\selectors.js","statementMap":{"0":{"start":{"line":8,"column":22},"end":{"line":8,"column":47}},"1":{"start":{"line":8,"column":31},"end":{"line":8,"column":47}},"2":{"start":{"line":15,"column":34},"end":{"line":18,"column":1}},"3":{"start":{"line":17,"column":11},"end":{"line":17,"column":16}},"4":{"start":{"line":25,"column":33},"end":{"line":28,"column":1}},"5":{"start":{"line":27,"column":11},"end":{"line":27,"column":21}},"6":{"start":{"line":35,"column":38},"end":{"line":38,"column":1}},"7":{"start":{"line":37,"column":11},"end":{"line":37,"column":49}}},"fnMap":{"0":{"name":"(anonymous_0)","decl":{"start":{"line":8,"column":22},"end":{"line":8,"column":23}},"loc":{"start":{"line":8,"column":31},"end":{"line":8,"column":47}},"line":8},"1":{"name":"(anonymous_1)","decl":{"start":{"line":17,"column":2},"end":{"line":17,"column":3}},"loc":{"start":{"line":17,"column":11},"end":{"line":17,"column":16}},"line":17},"2":{"name":"(anonymous_2)","decl":{"start":{"line":27,"column":2},"end":{"line":27,"column":3}},"loc":{"start":{"line":27,"column":11},"end":{"line":27,"column":21}},"line":27},"3":{"name":"(anonymous_3)","decl":{"start":{"line":37,"column":2},"end":{"line":37,"column":3}},"loc":{"start":{"line":37,"column":11},"end":{"line":37,"column":49}},"line":37}},"branchMap":{},"s":{"0":2,"1":1,"2":2,"3":1,"4":2,"5":1,"6":2,"7":1},"f":{"0":1,"1":1,"2":1,"3":1},"b":{},"_coverageSchema":"1a1c01bbd47fc00a2c39e90264f33305004495a9","hash":"f4c9d8b191719f3868e49daf6ccefe6a13c1169a"}
,"P:\\Coding\\Programming\\Projects\\Javascript\\mytag\\src\\modules\\categories\\util.js": {"path":"P:\\Coding\\Programming\\Projects\\Javascript\\mytag\\src\\modules\\categories\\util.js","statementMap":{"0":{"start":{"line":4,"column":30},"end":{"line":4,"column":32}},"1":{"start":{"line":6,"column":31},"end":{"line":38,"column":1}},"2":{"start":{"line":12,"column":28},"end":{"line":14,"column":3}},"3":{"start":{"line":21,"column":35},"end":{"line":24,"column":3}},"4":{"start":{"line":31,"column":4},"end":{"line":37,"column":6}},"5":{"start":{"line":32,"column":77},"end":{"line":36,"column":7}}},"fnMap":{"0":{"name":"(anonymous_0)","decl":{"start":{"line":12,"column":21},"end":{"line":12,"column":22}},"loc":{"start":{"line":12,"column":28},"end":{"line":14,"column":3}},"line":12},"1":{"name":"(anonymous_1)","decl":{"start":{"line":21,"column":18},"end":{"line":21,"column":19}},"loc":{"start":{"line":21,"column":35},"end":{"line":24,"column":3}},"line":21},"2":{"name":"(anonymous_2)","decl":{"start":{"line":30,"column":28},"end":{"line":30,"column":29}},"loc":{"start":{"line":31,"column":4},"end":{"line":37,"column":6}},"line":31},"3":{"name":"(anonymous_3)","decl":{"start":{"line":32,"column":26},"end":{"line":32,"column":27}},"loc":{"start":{"line":32,"column":77},"end":{"line":36,"column":7}},"line":32}},"branchMap":{"0":{"loc":{"start":{"line":21,"column":19},"end":{"line":21,"column":29}},"type":"default-arg","locations":[{"start":{"line":21,"column":27},"end":{"line":21,"column":29}}],"line":21},"1":{"loc":{"start":{"line":32,"column":51},"end":{"line":32,"column":69}},"type":"default-arg","locations":[{"start":{"line":32,"column":65},"end":{"line":32,"column":69}}],"line":32},"2":{"loc":{"start":{"line":35,"column":14},"end":{"line":35,"column":39}},"type":"binary-expr","locations":[{"start":{"line":35,"column":14},"end":{"line":35,"column":25}},{"start":{"line":35,"column":29},"end":{"line":35,"column":39}}],"line":35}},"s":{"0":4,"1":4,"2":32,"3":19,"4":1,"5":1},"f":{"0":32,"1":19,"2":1,"3":1},"b":{"0":[0],"1":[0],"2":[1,0]},"_coverageSchema":"1a1c01bbd47fc00a2c39e90264f33305004495a9","hash":"2cf5844f94e2b2007149ec3d1d427b17613b5443"}
,"P:\\Coding\\Programming\\Projects\\Javascript\\mytag\\src\\modules\\categories\\__test__\\reducer.testPartial.js": {"path":"P:\\Coding\\Programming\\Projects\\Javascript\\mytag\\src\\modules\\categories\\__test__\\reducer.testPartial.js","statementMap":{"0":{"start":{"line":17,"column":4},"end":{"line":17,"column":21}},"1":{"start":{"line":18,"column":30},"end":{"line":153,"column":4}},"2":{"start":{"line":19,"column":2},"end":{"line":153,"column":4}},"3":{"start":{"line":21,"column":22},"end":{"line":21,"column":41}},"4":{"start":{"line":22,"column":4},"end":{"line":24,"column":7}},"5":{"start":{"line":23,"column":6},"end":{"line":23,"column":46}},"6":{"start":{"line":26,"column":4},"end":{"line":28,"column":7}},"7":{"start":{"line":27,"column":6},"end":{"line":27,"column":65}},"8":{"start":{"line":30,"column":4},"end":{"line":45,"column":7}},"9":{"start":{"line":31,"column":21},"end":{"line":39,"column":7}},"10":{"start":{"line":40,"column":6},"end":{"line":44,"column":8}},"11":{"start":{"line":47,"column":4},"end":{"line":73,"column":7}},"12":{"start":{"line":48,"column":21},"end":{"line":56,"column":7}},"13":{"start":{"line":57,"column":21},"end":{"line":64,"column":8}},"14":{"start":{"line":65,"column":6},"end":{"line":72,"column":8}},"15":{"start":{"line":75,"column":4},"end":{"line":106,"column":7}},"16":{"start":{"line":76,"column":21},"end":{"line":79,"column":7}},"17":{"start":{"line":80,"column":6},"end":{"line":105,"column":8}},"18":{"start":{"line":108,"column":4},"end":{"line":138,"column":7}},"19":{"start":{"line":109,"column":21},"end":{"line":117,"column":7}},"20":{"start":{"line":118,"column":21},"end":{"line":129,"column":8}},"21":{"start":{"line":130,"column":6},"end":{"line":137,"column":8}},"22":{"start":{"line":140,"column":4},"end":{"line":152,"column":7}},"23":{"start":{"line":141,"column":21},"end":{"line":143,"column":7}},"24":{"start":{"line":144,"column":6},"end":{"line":151,"column":36}}},"fnMap":{"0":{"name":"(anonymous_0)","decl":{"start":{"line":18,"column":30},"end":{"line":18,"column":31}},"loc":{"start":{"line":19,"column":2},"end":{"line":153,"column":4}},"line":19},"1":{"name":"(anonymous_1)","decl":{"start":{"line":19,"column":22},"end":{"line":19,"column":23}},"loc":{"start":{"line":19,"column":28},"end":{"line":153,"column":3}},"line":19},"2":{"name":"(anonymous_2)","decl":{"start":{"line":22,"column":15},"end":{"line":22,"column":16}},"loc":{"start":{"line":22,"column":21},"end":{"line":24,"column":5}},"line":22},"3":{"name":"(anonymous_3)","decl":{"start":{"line":26,"column":36},"end":{"line":26,"column":37}},"loc":{"start":{"line":26,"column":42},"end":{"line":28,"column":5}},"line":26},"4":{"name":"(anonymous_4)","decl":{"start":{"line":30,"column":36},"end":{"line":30,"column":37}},"loc":{"start":{"line":30,"column":42},"end":{"line":45,"column":5}},"line":30},"5":{"name":"(anonymous_5)","decl":{"start":{"line":47,"column":35},"end":{"line":47,"column":36}},"loc":{"start":{"line":47,"column":41},"end":{"line":73,"column":5}},"line":47},"6":{"name":"(anonymous_6)","decl":{"start":{"line":75,"column":31},"end":{"line":75,"column":32}},"loc":{"start":{"line":75,"column":37},"end":{"line":106,"column":5}},"line":75},"7":{"name":"(anonymous_7)","decl":{"start":{"line":108,"column":31},"end":{"line":108,"column":32}},"loc":{"start":{"line":108,"column":37},"end":{"line":138,"column":5}},"line":108},"8":{"name":"(anonymous_8)","decl":{"start":{"line":140,"column":33},"end":{"line":140,"column":34}},"loc":{"start":{"line":140,"column":39},"end":{"line":152,"column":5}},"line":140}},"branchMap":{},"s":{"0":1,"1":1,"2":1,"3":1,"4":1,"5":6,"6":1,"7":1,"8":1,"9":1,"10":1,"11":1,"12":1,"13":1,"14":1,"15":1,"16":1,"17":1,"18":1,"19":1,"20":1,"21":1,"22":1,"23":1,"24":1},"f":{"0":1,"1":1,"2":6,"3":1,"4":1,"5":1,"6":1,"7":1,"8":1},"b":{},"_coverageSchema":"1a1c01bbd47fc00a2c39e90264f33305004495a9","hash":"c8675d8b72fc1e923a38a147ca6dfa60a3065a6e"}
,"P:\\Coding\\Programming\\Projects\\Javascript\\mytag\\src\\modules\\categories\\__test__\\sagas.testPartial.js": {"path":"P:\\Coding\\Programming\\Projects\\Javascript\\mytag\\src\\modules\\categories\\__test__\\sagas.testPartial.js","statementMap":{"0":{"start":{"line":20,"column":4},"end":{"line":20,"column":21}},"1":{"start":{"line":23,"column":28},"end":{"line":256,"column":4}},"2":{"start":{"line":24,"column":2},"end":{"line":256,"column":4}},"3":{"start":{"line":25,"column":4},"end":{"line":72,"column":7}},"4":{"start":{"line":26,"column":6},"end":{"line":34,"column":9}},"5":{"start":{"line":27,"column":8},"end":{"line":33,"column":11}},"6":{"start":{"line":28,"column":10},"end":{"line":32,"column":22}},"7":{"start":{"line":36,"column":6},"end":{"line":71,"column":9}},"8":{"start":{"line":37,"column":8},"end":{"line":54,"column":20}},"9":{"start":{"line":38,"column":10},"end":{"line":54,"column":18}},"10":{"start":{"line":56,"column":8},"end":{"line":70,"column":20}},"11":{"start":{"line":57,"column":10},"end":{"line":70,"column":18}},"12":{"start":{"line":74,"column":4},"end":{"line":130,"column":7}},"13":{"start":{"line":75,"column":6},"end":{"line":83,"column":9}},"14":{"start":{"line":76,"column":8},"end":{"line":82,"column":11}},"15":{"start":{"line":77,"column":10},"end":{"line":81,"column":22}},"16":{"start":{"line":85,"column":6},"end":{"line":129,"column":9}},"17":{"start":{"line":86,"column":8},"end":{"line":110,"column":11}},"18":{"start":{"line":87,"column":26},"end":{"line":89,"column":11}},"19":{"start":{"line":90,"column":10},"end":{"line":109,"column":19}},"20":{"start":{"line":112,"column":8},"end":{"line":128,"column":20}},"21":{"start":{"line":113,"column":10},"end":{"line":128,"column":18}},"22":{"start":{"line":132,"column":4},"end":{"line":191,"column":7}},"23":{"start":{"line":133,"column":6},"end":{"line":141,"column":9}},"24":{"start":{"line":134,"column":8},"end":{"line":140,"column":11}},"25":{"start":{"line":135,"column":10},"end":{"line":139,"column":22}},"26":{"start":{"line":143,"column":6},"end":{"line":190,"column":9}},"27":{"start":{"line":144,"column":8},"end":{"line":173,"column":11}},"28":{"start":{"line":145,"column":26},"end":{"line":148,"column":11}},"29":{"start":{"line":149,"column":10},"end":{"line":172,"column":19}},"30":{"start":{"line":175,"column":8},"end":{"line":189,"column":20}},"31":{"start":{"line":176,"column":10},"end":{"line":189,"column":18}},"32":{"start":{"line":193,"column":4},"end":{"line":255,"column":7}},"33":{"start":{"line":194,"column":6},"end":{"line":202,"column":9}},"34":{"start":{"line":195,"column":8},"end":{"line":201,"column":11}},"35":{"start":{"line":196,"column":10},"end":{"line":200,"column":22}},"36":{"start":{"line":204,"column":6},"end":{"line":254,"column":9}},"37":{"start":{"line":205,"column":8},"end":{"line":228,"column":11}},"38":{"start":{"line":206,"column":26},"end":{"line":206,"column":35}},"39":{"start":{"line":207,"column":10},"end":{"line":227,"column":19}},"40":{"start":{"line":230,"column":8},"end":{"line":253,"column":20}},"41":{"start":{"line":231,"column":10},"end":{"line":253,"column":18}}},"fnMap":{"0":{"name":"(anonymous_0)","decl":{"start":{"line":23,"column":28},"end":{"line":23,"column":29}},"loc":{"start":{"line":24,"column":2},"end":{"line":256,"column":4}},"line":24},"1":{"name":"(anonymous_1)","decl":{"start":{"line":24,"column":20},"end":{"line":24,"column":21}},"loc":{"start":{"line":24,"column":26},"end":{"line":256,"column":3}},"line":24},"2":{"name":"(anonymous_2)","decl":{"start":{"line":25,"column":34},"end":{"line":25,"column":35}},"loc":{"start":{"line":25,"column":40},"end":{"line":72,"column":5}},"line":25},"3":{"name":"(anonymous_3)","decl":{"start":{"line":26,"column":29},"end":{"line":26,"column":30}},"loc":{"start":{"line":26,"column":35},"end":{"line":34,"column":7}},"line":26},"4":{"name":"(anonymous_4)","decl":{"start":{"line":27,"column":36},"end":{"line":27,"column":37}},"loc":{"start":{"line":27,"column":42},"end":{"line":33,"column":9}},"line":27},"5":{"name":"(anonymous_5)","decl":{"start":{"line":36,"column":35},"end":{"line":36,"column":36}},"loc":{"start":{"line":36,"column":41},"end":{"line":71,"column":7}},"line":36},"6":{"name":"(anonymous_6)","decl":{"start":{"line":37,"column":36},"end":{"line":37,"column":37}},"loc":{"start":{"line":38,"column":10},"end":{"line":54,"column":18}},"line":38},"7":{"name":"(anonymous_7)","decl":{"start":{"line":56,"column":27},"end":{"line":56,"column":28}},"loc":{"start":{"line":57,"column":10},"end":{"line":70,"column":18}},"line":57},"8":{"name":"(anonymous_8)","decl":{"start":{"line":74,"column":31},"end":{"line":74,"column":32}},"loc":{"start":{"line":74,"column":37},"end":{"line":130,"column":5}},"line":74},"9":{"name":"(anonymous_9)","decl":{"start":{"line":75,"column":29},"end":{"line":75,"column":30}},"loc":{"start":{"line":75,"column":35},"end":{"line":83,"column":7}},"line":75},"10":{"name":"(anonymous_10)","decl":{"start":{"line":76,"column":36},"end":{"line":76,"column":37}},"loc":{"start":{"line":76,"column":42},"end":{"line":82,"column":9}},"line":76},"11":{"name":"(anonymous_11)","decl":{"start":{"line":85,"column":35},"end":{"line":85,"column":36}},"loc":{"start":{"line":85,"column":41},"end":{"line":129,"column":7}},"line":85},"12":{"name":"(anonymous_12)","decl":{"start":{"line":86,"column":36},"end":{"line":86,"column":37}},"loc":{"start":{"line":86,"column":42},"end":{"line":110,"column":9}},"line":86},"13":{"name":"(anonymous_13)","decl":{"start":{"line":112,"column":27},"end":{"line":112,"column":28}},"loc":{"start":{"line":113,"column":10},"end":{"line":128,"column":18}},"line":113},"14":{"name":"(anonymous_14)","decl":{"start":{"line":132,"column":31},"end":{"line":132,"column":32}},"loc":{"start":{"line":132,"column":37},"end":{"line":191,"column":5}},"line":132},"15":{"name":"(anonymous_15)","decl":{"start":{"line":133,"column":29},"end":{"line":133,"column":30}},"loc":{"start":{"line":133,"column":35},"end":{"line":141,"column":7}},"line":133},"16":{"name":"(anonymous_16)","decl":{"start":{"line":134,"column":36},"end":{"line":134,"column":37}},"loc":{"start":{"line":134,"column":42},"end":{"line":140,"column":9}},"line":134},"17":{"name":"(anonymous_17)","decl":{"start":{"line":143,"column":34},"end":{"line":143,"column":35}},"loc":{"start":{"line":143,"column":40},"end":{"line":190,"column":7}},"line":143},"18":{"name":"(anonymous_18)","decl":{"start":{"line":144,"column":36},"end":{"line":144,"column":37}},"loc":{"start":{"line":144,"column":42},"end":{"line":173,"column":9}},"line":144},"19":{"name":"(anonymous_19)","decl":{"start":{"line":175,"column":27},"end":{"line":175,"column":28}},"loc":{"start":{"line":176,"column":10},"end":{"line":189,"column":18}},"line":176},"20":{"name":"(anonymous_20)","decl":{"start":{"line":193,"column":31},"end":{"line":193,"column":32}},"loc":{"start":{"line":193,"column":37},"end":{"line":255,"column":5}},"line":193},"21":{"name":"(anonymous_21)","decl":{"start":{"line":194,"column":29},"end":{"line":194,"column":30}},"loc":{"start":{"line":194,"column":35},"end":{"line":202,"column":7}},"line":194},"22":{"name":"(anonymous_22)","decl":{"start":{"line":195,"column":36},"end":{"line":195,"column":37}},"loc":{"start":{"line":195,"column":42},"end":{"line":201,"column":9}},"line":195},"23":{"name":"(anonymous_23)","decl":{"start":{"line":204,"column":34},"end":{"line":204,"column":35}},"loc":{"start":{"line":204,"column":40},"end":{"line":254,"column":7}},"line":204},"24":{"name":"(anonymous_24)","decl":{"start":{"line":205,"column":36},"end":{"line":205,"column":37}},"loc":{"start":{"line":205,"column":42},"end":{"line":228,"column":9}},"line":205},"25":{"name":"(anonymous_25)","decl":{"start":{"line":230,"column":27},"end":{"line":230,"column":28}},"loc":{"start":{"line":231,"column":10},"end":{"line":253,"column":18}},"line":231}},"branchMap":{},"s":{"0":1,"1":1,"2":1,"3":1,"4":1,"5":1,"6":1,"7":1,"8":1,"9":1,"10":1,"11":1,"12":1,"13":1,"14":1,"15":1,"16":1,"17":1,"18":1,"19":1,"20":1,"21":1,"22":1,"23":1,"24":1,"25":1,"26":1,"27":1,"28":1,"29":1,"30":1,"31":1,"32":1,"33":1,"34":1,"35":1,"36":1,"37":1,"38":1,"39":1,"40":1,"41":1},"f":{"0":1,"1":1,"2":1,"3":1,"4":1,"5":1,"6":1,"7":1,"8":1,"9":1,"10":1,"11":1,"12":1,"13":1,"14":1,"15":1,"16":1,"17":1,"18":1,"19":1,"20":1,"21":1,"22":1,"23":1,"24":1,"25":1},"b":{},"_coverageSchema":"1a1c01bbd47fc00a2c39e90264f33305004495a9","hash":"986bf427812f5c9f3252260953aa34e3b591cc75"}
,"P:\\Coding\\Programming\\Projects\\Javascript\\mytag\\src\\modules\\categories\\__test__\\selectors.testPartial.js": {"path":"P:\\Coding\\Programming\\Projects\\Javascript\\mytag\\src\\modules\\categories\\__test__\\selectors.testPartial.js","statementMap":{"0":{"start":{"line":8,"column":32},"end":{"line":40,"column":4}},"1":{"start":{"line":9,"column":2},"end":{"line":40,"column":4}},"2":{"start":{"line":10,"column":22},"end":{"line":10,"column":24}},"3":{"start":{"line":11,"column":4},"end":{"line":21,"column":7}},"4":{"start":{"line":13,"column":6},"end":{"line":20,"column":9}},"5":{"start":{"line":23,"column":4},"end":{"line":27,"column":7}},"6":{"start":{"line":24,"column":6},"end":{"line":26,"column":26}},"7":{"start":{"line":29,"column":4},"end":{"line":33,"column":7}},"8":{"start":{"line":30,"column":6},"end":{"line":32,"column":26}},"9":{"start":{"line":35,"column":4},"end":{"line":39,"column":7}},"10":{"start":{"line":36,"column":6},"end":{"line":38,"column":25}}},"fnMap":{"0":{"name":"(anonymous_0)","decl":{"start":{"line":8,"column":32},"end":{"line":8,"column":33}},"loc":{"start":{"line":9,"column":2},"end":{"line":40,"column":4}},"line":9},"1":{"name":"(anonymous_1)","decl":{"start":{"line":9,"column":24},"end":{"line":9,"column":25}},"loc":{"start":{"line":9,"column":30},"end":{"line":40,"column":3}},"line":9},"2":{"name":"(anonymous_2)","decl":{"start":{"line":11,"column":15},"end":{"line":11,"column":16}},"loc":{"start":{"line":11,"column":21},"end":{"line":21,"column":5}},"line":11},"3":{"name":"(anonymous_3)","decl":{"start":{"line":23,"column":31},"end":{"line":23,"column":32}},"loc":{"start":{"line":23,"column":37},"end":{"line":27,"column":5}},"line":23},"4":{"name":"(anonymous_4)","decl":{"start":{"line":29,"column":44},"end":{"line":29,"column":45}},"loc":{"start":{"line":29,"column":50},"end":{"line":33,"column":5}},"line":29},"5":{"name":"(anonymous_5)","decl":{"start":{"line":35,"column":62},"end":{"line":35,"column":63}},"loc":{"start":{"line":35,"column":68},"end":{"line":39,"column":5}},"line":35}},"branchMap":{},"s":{"0":1,"1":1,"2":1,"3":1,"4":3,"5":1,"6":1,"7":1,"8":1,"9":1,"10":1},"f":{"0":1,"1":1,"2":3,"3":1,"4":1,"5":1},"b":{},"_coverageSchema":"1a1c01bbd47fc00a2c39e90264f33305004495a9","hash":"146932205cf271fe81717c08e7478a0b9d489c55"}
,"P:\\Coding\\Programming\\Projects\\Javascript\\mytag\\src\\modules\\fetch\\hooks.js": {"path":"P:\\Coding\\Programming\\Projects\\Javascript\\mytag\\src\\modules\\fetch\\hooks.js","statementMap":{"0":{"start":{"line":9,"column":19},"end":{"line":33,"column":1}},"1":{"start":{"line":20,"column":18},"end":{"line":20,"column":20}},"2":{"start":{"line":21,"column":22},"end":{"line":21,"column":24}},"3":{"start":{"line":22,"column":26},"end":{"line":22,"column":47}},"4":{"start":{"line":23,"column":4},"end":{"line":27,"column":7}},"5":{"start":{"line":25,"column":6},"end":{"line":25,"column":67}},"6":{"start":{"line":25,"column":40},"end":{"line":25,"column":65}},"7":{"start":{"line":26,"column":6},"end":{"line":26,"column":28}},"8":{"start":{"line":29,"column":4},"end":{"line":29,"column":70}},"9":{"start":{"line":31,"column":4},"end":{"line":31,"column":17}}},"fnMap":{"0":{"name":"(anonymous_0)","decl":{"start":{"line":19,"column":19},"end":{"line":19,"column":20}},"loc":{"start":{"line":19,"column":27},"end":{"line":32,"column":3}},"line":19},"1":{"name":"(anonymous_1)","decl":{"start":{"line":23,"column":33},"end":{"line":23,"column":34}},"loc":{"start":{"line":23,"column":49},"end":{"line":27,"column":5}},"line":23},"2":{"name":"(anonymous_2)","decl":{"start":{"line":25,"column":31},"end":{"line":25,"column":32}},"loc":{"start":{"line":25,"column":40},"end":{"line":25,"column":65}},"line":25}},"branchMap":{},"s":{"0":0,"1":0,"2":0,"3":0,"4":0,"5":0,"6":0,"7":0,"8":0,"9":0},"f":{"0":0,"1":0,"2":0},"b":{}}
,"P:\\Coding\\Programming\\Projects\\Javascript\\mytag\\src\\modules\\fetch\\index.js": {"path":"P:\\Coding\\Programming\\Projects\\Javascript\\mytag\\src\\modules\\fetch\\index.js","statementMap":{},"fnMap":{},"branchMap":{},"s":{},"f":{},"b":{}}
,"P:\\Coding\\Programming\\Projects\\Javascript\\mytag\\src\\modules\\fetch\\reducer.js": {"path":"P:\\Coding\\Programming\\Projects\\Javascript\\mytag\\src\\modules\\fetch\\reducer.js","statementMap":{"0":{"start":{"line":7,"column":18},"end":{"line":7,"column":39}},"1":{"start":{"line":8,"column":2},"end":{"line":8,"column":29}},"2":{"start":{"line":8,"column":16},"end":{"line":8,"column":29}},"3":{"start":{"line":10,"column":47},"end":{"line":10,"column":54}},"4":{"start":{"line":11,"column":21},"end":{"line":11,"column":49}},"5":{"start":{"line":12,"column":2},"end":{"line":12,"column":21}},"6":{"start":{"line":14,"column":17},"end":{"line":14,"column":44}},"7":{"start":{"line":15,"column":18},"end":{"line":15,"column":61}},"8":{"start":{"line":16,"column":31},"end":{"line":16,"column":62}},"9":{"start":{"line":17,"column":30},"end":{"line":17,"column":61}},"10":{"start":{"line":19,"column":31},"end":{"line":19,"column":63}},"11":{"start":{"line":20,"column":2},"end":{"line":28,"column":4}}},"fnMap":{"0":{"name":"reducer","decl":{"start":{"line":6,"column":24},"end":{"line":6,"column":31}},"loc":{"start":{"line":6,"column":54},"end":{"line":29,"column":1}},"line":6}},"branchMap":{"0":{"loc":{"start":{"line":6,"column":32},"end":{"line":6,"column":42}},"type":"default-arg","locations":[{"start":{"line":6,"column":40},"end":{"line":6,"column":42}}],"line":6},"1":{"loc":{"start":{"line":8,"column":2},"end":{"line":8,"column":29}},"type":"if","locations":[{"start":{"line":8,"column":2},"end":{"line":8,"column":29}},{"start":{"line":8,"column":2},"end":{"line":8,"column":29}}],"line":8},"2":{"loc":{"start":{"line":19,"column":31},"end":{"line":19,"column":63}},"type":"binary-expr","locations":[{"start":{"line":19,"column":31},"end":{"line":19,"column":58}},{"start":{"line":19,"column":62},"end":{"line":19,"column":63}}],"line":19},"3":{"loc":{"start":{"line":23,"column":6},"end":{"line":25,"column":47}},"type":"cond-expr","locations":[{"start":{"line":24,"column":10},"end":{"line":24,"column":47}},{"start":{"line":25,"column":10},"end":{"line":25,"column":47}}],"line":23},"4":{"loc":{"start":{"line":27,"column":6},"end":{"line":27,"column":70}},"type":"binary-expr","locations":[{"start":{"line":27,"column":6},"end":{"line":27,"column":33}},{"start":{"line":27,"column":37},"end":{"line":27,"column":70}}],"line":27}},"s":{"0":5,"1":5,"2":1,"3":4,"4":4,"5":4,"6":4,"7":4,"8":4,"9":4,"10":4,"11":4},"f":{"0":5},"b":{"0":[1],"1":[1,4],"2":[4,1],"3":[1,3],"4":[4,1]},"_coverageSchema":"1a1c01bbd47fc00a2c39e90264f33305004495a9","hash":"334eee7cbf1e3b87feb6b0988beb2228c1ce20e0"}
,"P:\\Coding\\Programming\\Projects\\Javascript\\mytag\\src\\modules\\fetch\\selectors.js": {"path":"P:\\Coding\\Programming\\Projects\\Javascript\\mytag\\src\\modules\\fetch\\selectors.js","statementMap":{"0":{"start":{"line":6,"column":17},"end":{"line":6,"column":62}},"1":{"start":{"line":6,"column":34},"end":{"line":6,"column":61}},"2":{"start":{"line":13,"column":29},"end":{"line":13,"column":77}},"3":{"start":{"line":13,"column":71},"end":{"line":13,"column":76}},"4":{"start":{"line":23,"column":35},"end":{"line":24,"column":62}},"5":{"start":{"line":24,"column":2},"end":{"line":24,"column":62}},"6":{"start":{"line":24,"column":49},"end":{"line":24,"column":61}}},"fnMap":{"0":{"name":"(anonymous_0)","decl":{"start":{"line":6,"column":17},"end":{"line":6,"column":18}},"loc":{"start":{"line":6,"column":34},"end":{"line":6,"column":61}},"line":6},"1":{"name":"(anonymous_1)","decl":{"start":{"line":13,"column":56},"end":{"line":13,"column":57}},"loc":{"start":{"line":13,"column":71},"end":{"line":13,"column":76}},"line":13},"2":{"name":"(anonymous_2)","decl":{"start":{"line":23,"column":35},"end":{"line":23,"column":36}},"loc":{"start":{"line":24,"column":2},"end":{"line":24,"column":62}},"line":24},"3":{"name":"(anonymous_3)","decl":{"start":{"line":24,"column":29},"end":{"line":24,"column":30}},"loc":{"start":{"line":24,"column":49},"end":{"line":24,"column":61}},"line":24}},"branchMap":{},"s":{"0":2,"1":4,"2":2,"3":1,"4":2,"5":3,"6":3},"f":{"0":4,"1":1,"2":3,"3":3},"b":{},"_coverageSchema":"1a1c01bbd47fc00a2c39e90264f33305004495a9","hash":"53bfb87debb2e6515e02b95fab29ee2c00e9d7a9"}
[...]
nd":{"line":168,"column":5}},"type":"if","locations":[{"start":{"line":163,"column":4},"end":{"line":168,"column":5}},{"start":{"line":163,"column":4},"end":{"line":168,"column":5}}],"line":163},"21":{"loc":{"start":{"line":167,"column":25},"end":{"line":167,"column":63}},"type":"binary-expr","locations":[{"start":{"line":167,"column":25},"end":{"line":167,"column":50}},{"start":{"line":167,"column":54},"end":{"line":167,"column":63}}],"line":167},"22":{"loc":{"start":{"line":184,"column":40},"end":{"line":184,"column":54}},"type":"default-arg","locations":[{"start":{"line":184,"column":50},"end":{"line":184,"column":54}}],"line":184},"23":{"loc":{"start":{"line":185,"column":2},"end":{"line":185,"column":69}},"type":"if","locations":[{"start":{"line":185,"column":2},"end":{"line":185,"column":69}},{"start":{"line":185,"column":2},"end":{"line":185,"column":69}}],"line":185},"24":{"loc":{"start":{"line":185,"column":6},"end":{"line":185,"column":57}},"type":"binary-expr","locations":[{"start":{"line":185,"column":6},"end":{"line":185,"column":12}},{"start":{"line":185,"column":16},"end":{"line":185,"column":37}},{"start":{"line":185,"column":41},"end":{"line":185,"column":57}}],"line":185},"25":{"loc":{"start":{"line":189,"column":2},"end":{"line":193,"column":3}},"type":"if","locations":[{"start":{"line":189,"column":2},"end":{"line":193,"column":3}},{"start":{"line":189,"column":2},"end":{"line":193,"column":3}}],"line":189},"26":{"loc":{"start":{"line":189,"column":6},"end":{"line":189,"column":72}},"type":"binary-expr","locations":[{"start":{"line":189,"column":6},"end":{"line":189,"column":38}},{"start":{"line":189,"column":42},"end":{"line":189,"column":72}}],"line":189},"27":{"loc":{"start":{"line":195,"column":4},"end":{"line":200,"column":5}},"type":"if","locations":[{"start":{"line":195,"column":4},"end":{"line":200,"column":5}},{"start":{"line":195,"column":4},"end":{"line":200,"column":5}}],"line":195},"28":{"loc":{"start":{"line":195,"column":8},"end":{"line":195,"column":68}},"type":"binary-expr","locations":[{"start":{"line":195,"column":8},"end":{"line":195,"column":37}},{"start":{"line":195,"column":41},"end":{"line":195,"column":68}}],"line":195},"29":{"loc":{"start":{"line":217,"column":36},"end":{"line":217,"column":48}},"type":"default-arg","locations":[{"start":{"line":217,"column":43},"end":{"line":217,"column":48}}],"line":217},"30":{"loc":{"start":{"line":217,"column":50},"end":{"line":217,"column":66}},"type":"default-arg","locations":[{"start":{"line":217,"column":62},"end":{"line":217,"column":66}}],"line":217},"31":{"loc":{"start":{"line":218,"column":2},"end":{"line":222,"column":3}},"type":"if","locations":[{"start":{"line":218,"column":2},"end":{"line":222,"column":3}},{"start":{"line":218,"column":2},"end":{"line":222,"column":3}}],"line":218},"32":{"loc":{"start":{"line":218,"column":6},"end":{"line":218,"column":37}},"type":"binary-expr","locations":[{"start":{"line":218,"column":6},"end":{"line":218,"column":12}},{"start":{"line":218,"column":16},"end":{"line":218,"column":37}}],"line":218},"33":{"loc":{"start":{"line":223,"column":2},"end":{"line":229,"column":3}},"type":"if","locations":[{"start":{"line":223,"column":2},"end":{"line":229,"column":3}},{"start":{"line":223,"column":2},"end":{"line":229,"column":3}}],"line":223},"34":{"loc":{"start":{"line":225,"column":6},"end":{"line":225,"column":49}},"type":"if","locations":[{"start":{"line":225,"column":6},"end":{"line":225,"column":49}},{"start":{"line":225,"column":6},"end":{"line":225,"column":49}}],"line":225},"35":{"loc":{"start":{"line":226,"column":6},"end":{"line":226,"column":48}},"type":"if","locations":[{"start":{"line":226,"column":6},"end":{"line":226,"column":48}},{"start":{"line":226,"column":6},"end":{"line":226,"column":48}}],"line":226},"36":{"loc":{"start":{"line":231,"column":4},"end":{"line":231,"column":47}},"type":"if","locations":[{"start":{"line":231,"column":4},"end":{"line":231,"column":47}},{"start":{"line":231,"column":4},"end":{"line":231,"column":47}}],"line":231},"37":{"loc":{"start":{"line":232,"column":4},"end":{"line":232,"column":46}},"type":"if","locations":[{"start":{"line":232,"column":4},"end":{"line":232,"column":46}},{"start":{"line":232,"column":4},"end":{"line":232,"column":46}}],"line":232},"38":{"loc":{"start":{"line":249,"column":2},"end":{"line":249,"column":20}},"type":"default-arg","locations":[{"start":{"line":249,"column":16},"end":{"line":249,"column":20}}],"line":249},"39":{"loc":{"start":{"line":250,"column":2},"end":{"line":250,"column":13}},"type":"default-arg","locations":[{"start":{"line":250,"column":9},"end":{"line":250,"column":13}}],"line":250},"40":{"loc":{"start":{"line":251,"column":2},"end":{"line":251,"column":18}},"type":"default-arg","locations":[{"start":{"line":251,"column":14},"end":{"line":251,"column":18}}],"line":251},"41":{"loc":{"start":{"line":253,"column":2},"end":{"line":253,"column":30}},"type":"if","locations":[{"start":{"line":253,"column":2},"end":{"line":253,"column":30}},{"start":{"line":253,"column":2},"end":{"line":253,"column":30}}],"line":253},"42":{"loc":{"start":{"line":255,"column":2},"end":{"line":263,"column":3}},"type":"if","locations":[{"start":{"line":255,"column":2},"end":{"line":263,"column":3}},{"start":{"line":255,"column":2},"end":{"line":263,"column":3}}],"line":255}},"s":{"0":10,"1":354,"2":10,"3":156,"4":156,"5":10,"6":0,"7":0,"8":10,"9":21,"10":0,"11":21,"12":21,"13":460,"14":21,"15":21,"16":21,"17":132,"18":460,"19":460,"20":460,"21":460,"22":460,"23":111,"24":349,"25":349,"26":118,"27":349,"28":349,"29":349,"30":349,"31":76,"32":349,"33":349,"34":111,"35":460,"36":21,"37":21,"38":10,"39":37,"40":37,"41":37,"42":20,"43":19,"44":11,"45":19,"46":4,"47":4,"48":4,"49":15,"50":18,"51":19,"52":0,"53":0,"54":0,"55":19,"56":10,"57":7,"58":0,"59":7,"60":7,"61":7,"62":0,"63":7,"64":7,"65":7,"66":7,"67":0,"68":0,"69":7,"70":7,"71":10,"72":0,"73":0,"74":0,"75":0,"76":0,"77":0,"78":0,"79":0,"80":0,"81":0,"82":0,"83":0,"84":0,"85":0,"86":0,"87":0,"88":10,"89":4,"90":0,"91":4,"92":0,"93":4,"94":4},"f":{"0":354,"1":156,"2":156,"3":0,"4":0,"5":21,"6":460,"7":21,"8":132,"9":460,"10":118,"11":37,"12":4,"13":0,"14":7,"15":7,"16":7,"17":0,"18":0,"19":0,"20":4},"b":{"0":[0],"1":[0,21],"2":[21],"3":[0],"4":[460,460,460],"5":[460,0],"6":[111,349],"7":[349,0],"8":[0,349],"9":[118],"10":[118],"11":[118,0],"12":[118,0],"13":[76,273],"14":[349,304],"15":[111,238],"16":[0],"17":[11,8],"18":[19,11,0],"19":[4,15],"20":[0,19],"21":[19,2],"22":[7],"23":[0,7],"24":[7,7,7],"25":[0,7],"26":[7,7],"27":[0,7],"28":[7,7],"29":[0],"30":[0],"31":[0,0],"32":[0,0],"33":[0,0],"34":[0,0],"35":[0,0],"36":[0,0],"37":[0,0],"38":[0],"39":[4],"40":[4],"41":[0,4],"42":[0,4]},"_coverageSchema":"1a1c01bbd47fc00a2c39e90264f33305004495a9","hash":"de2bc9bfcb81ba1c9bbf7d0f22e8c28a9fb41025"}
,"P:\\Coding\\Programming\\Projects\\Javascript\\mytag\\src\\util\\api\\axiosConfig.js": {"path":"P:\\Coding\\Programming\\Projects\\Javascript\\mytag\\src\\util\\api\\axiosConfig.js","statementMap":{"0":{"start":{"line":9,"column":14},"end":{"line":11,"column":2}}},"fnMap":{},"branchMap":{},"s":{"0":7},"f":{},"b":{},"_coverageSchema":"1a1c01bbd47fc00a2c39e90264f33305004495a9","hash":"143059aab424a27f299f43374210d1ca1302a8d8"}
,"P:\\Coding\\Programming\\Projects\\Javascript\\mytag\\src\\util\\api\\categories.js": {"path":"P:\\Coding\\Programming\\Projects\\Javascript\\mytag\\src\\util\\api\\categories.js","statementMap":{"0":{"start":{"line":7,"column":22},"end":{"line":71,"column":1}},"1":{"start":{"line":14,"column":21},"end":{"line":14,"column":72}},"2":{"start":{"line":15,"column":17},"end":{"line":15,"column":31}},"3":{"start":{"line":16,"column":4},"end":{"line":16,"column":16}},"4":{"start":{"line":25,"column":21},"end":{"line":25,"column":74}},"5":{"start":{"line":26,"column":17},"end":{"line":26,"column":31}},"6":{"start":{"line":27,"column":4},"end":{"line":27,"column":16}},"7":{"start":{"line":38,"column":21},"end":{"line":38,"column":79}},"8":{"start":{"line":39,"column":17},"end":{"line":39,"column":31}},"9":{"start":{"line":40,"column":4},"end":{"line":40,"column":16}},"10":{"start":{"line":51,"column":21},"end":{"line":53,"column":6}},"11":{"start":{"line":54,"column":17},"end":{"line":54,"column":31}},"12":{"start":{"line":55,"column":4},"end":{"line":55,"column":16}},"13":{"start":{"line":67,"column":21},"end":{"line":67,"column":79}},"14":{"start":{"line":68,"column":17},"end":{"line":68,"column":31}},"15":{"start":{"line":69,"column":4},"end":{"line":69,"column":16}}},"fnMap":{"0":{"name":"(anonymous_0)","decl":{"start":{"line":13,"column":12},"end":{"line":13,"column":13}},"loc":{"start":{"line":13,"column":24},"end":{"line":17,"column":3}},"line":13},"1":{"name":"(anonymous_1)","decl":{"start":{"line":24,"column":14},"end":{"line":24,"column":15}},"loc":{"start":{"line":24,"column":26},"end":{"line":28,"column":3}},"line":24},"2":{"name":"(anonymous_2)","decl":{"start":{"line":37,"column":10},"end":{"line":37,"column":11}},"loc":{"start":{"line":37,"column":27},"end":{"line":41,"column":3}},"line":37},"3":{"name":"(anonymous_3)","decl":{"start":{"line":50,"column":10},"end":{"line":50,"column":11}},"loc":{"start":{"line":50,"column":27},"end":{"line":56,"column":3}},"line":50},"4":{"name":"(anonymous_4)","decl":{"start":{"line":66,"column":10},"end":{"line":66,"column":11}},"loc":{"start":{"line":66,"column":27},"end":{"line":70,"column":3}},"line":66}},"branchMap":{},"s":{"0":7,"1":0,"2":0,"3":0,"4":0,"5":0,"6":0,"7":0,"8":0,"9":0,"10":0,"11":0,"12":0,"13":0,"14":0,"15":0},"f":{"0":0,"1":0,"2":0,"3":0,"4":0},"b":{},"_coverageSchema":"1a1c01bbd47fc00a2c39e90264f33305004495a9","hash":"f7b658338e1f4b5367b34b99fd63574acd60f725"}
,"P:\\Coding\\Programming\\Projects\\Javascript\\mytag\\src\\util\\api\\groups.js": {"path":"P:\\Coding\\Programming\\Projects\\Javascript\\mytag\\src\\util\\api\\groups.js","statementMap":{"0":{"start":{"line":7,"column":18},"end":{"line":71,"column":1}},"1":{"start":{"line":14,"column":21},"end":{"line":14,"column":73}},"2":{"start":{"line":15,"column":17},"end":{"line":15,"column":31}},"3":{"start":{"line":16,"column":4},"end":{"line":16,"column":16}},"4":{"start":{"line":25,"column":21},"end":{"line":25,"column":75}},"5":{"start":{"line":26,"column":17},"end":{"line":26,"column":31}},"6":{"start":{"line":27,"column":4},"end":{"line":27,"column":16}},"7":{"start":{"line":38,"column":21},"end":{"line":38,"column":73}},"8":{"start":{"line":39,"column":17},"end":{"line":39,"column":31}},"9":{"start":{"line":40,"column":4},"end":{"line":40,"column":16}},"10":{"start":{"line":51,"column":21},"end":{"line":53,"column":6}},"11":{"start":{"line":54,"column":17},"end":{"line":54,"column":31}},"12":{"start":{"line":55,"column":4},"end":{"line":55,"column":16}},"13":{"start":{"line":67,"column":21},"end":{"line":67,"column":73}},"14":{"start":{"line":68,"column":17},"end":{"line":68,"column":31}},"15":{"start":{"line":69,"column":4},"end":{"line":69,"column":16}}},"fnMap":{"0":{"name":"(anonymous_0)","decl":{"start":{"line":13,"column":10},"end":{"line":13,"column":11}},"loc":{"start":{"line":13,"column":22},"end":{"line":17,"column":3}},"line":13},"1":{"name":"(anonymous_1)","decl":{"start":{"line":24,"column":12},"end":{"line":24,"column":13}},"loc":{"start":{"line":24,"column":24},"end":{"line":28,"column":3}},"line":24},"2":{"name":"(anonymous_2)","decl":{"start":{"line":37,"column":10},"end":{"line":37,"column":11}},"loc":{"start":{"line":37,"column":25},"end":{"line":41,"column":3}},"line":37},"3":{"name":"(anonymous_3)","decl":{"start":{"line":50,"column":10},"end":{"line":50,"column":11}},"loc":{"start":{"line":50,"column":25},"end":{"line":56,"column":3}},"line":50},"4":{"name":"(anonymous_4)","decl":{"start":{"line":66,"column":10},"end":{"line":66,"column":11}},"loc":{"start":{"line":66,"column":25},"end":{"line":70,"column":3}},"line":66}},"branchMap":{},"s":{"0":7,"1":0,"2":0,"3":0,"4":0,"5":0,"6":0,"7":0,"8":0,"9":0,"10":0,"11":0,"12":0,"13":0,"14":0,"15":0},"f":{"0":0,"1":0,"2":0,"3":0,"4":0},"b":{},"_coverageSchema":"1a1c01bbd47fc00a2c39e90264f33305004495a9","hash":"3f80f559fb8f1237e00e427bfb09bc2e95330912"}
,"P:\\Coding\\Programming\\Projects\\Javascript\\mytag\\src\\util\\api\\index.js": {"path":"P:\\Coding\\Programming\\Projects\\Javascript\\mytag\\src\\util\\api\\index.js","statementMap":{},"fnMap":{},"branchMap":{},"s":{},"f":{},"b":{},"_coverageSchema":"1a1c01bbd47fc00a2c39e90264f33305004495a9","hash":"8186cae811655d77e67d0aab9ef16e53db0586e1"}
,"P:\\Coding\\Programming\\Projects\\Javascript\\mytag\\src\\util\\api\\movies.js": {"path":"P:\\Coding\\Programming\\Projects\\Javascript\\mytag\\src\\util\\api\\movies.js","statementMap":{"0":{"start":{"line":7,"column":18},"end":{"line":177,"column":1}},"1":{"start":{"line":16,"column":21},"end":{"line":18,"column":6}},"2":{"start":{"line":19,"column":17},"end":{"line":19,"column":31}},"3":{"start":{"line":20,"column":4},"end":{"line":20,"column":16}},"4":{"start":{"line":34,"column":21},"end":{"line":36,"column":6}},"5":{"start":{"line":37,"column":17},"end":{"line":37,"column":31}},"6":{"start":{"line":38,"column":4},"end":{"line":38,"column":16}},"7":{"start":{"line":53,"column":21},"end":{"line":55,"column":6}},"8":{"start":{"line":56,"column":17},"end":{"line":56,"column":31}},"9":{"start":{"line":57,"column":4},"end":{"line":57,"column":16}},"10":{"start":{"line":72,"column":21},"end":{"line":74,"column":6}},"11":{"start":{"line":75,"column":17},"end":{"line":75,"column":31}},"12":{"start":{"line":76,"column":4},"end":{"line":76,"column":16}},"13":{"start":{"line":88,"column":21},"end":{"line":90,"column":6}},"14":{"start":{"line":91,"column":17},"end":{"line":91,"column":31}},"15":{"start":{"line":92,"column":4},"end":{"line":92,"column":16}},"16":{"start":{"line":107,"column":21},"end":{"line":109,"column":6}},"17":{"start":{"line":110,"column":17},"end":{"line":110,"column":31}},"18":{"start":{"line":111,"column":4},"end":{"line":111,"column":16}},"19":{"start":{"line":123,"column":21},"end":{"line":125,"column":6}},"20":{"start":{"line":126,"column":17},"end":{"line":126,"column":31}},"21":{"start":{"line":127,"column":4},"end":{"line":127,"column":16}},"22":{"start":{"line":142,"column":21},"end":{"line":142,"column":74}},"23":{"start":{"line":143,"column":17},"end":{"line":143,"column":31}},"24":{"start":{"line":144,"column":4},"end":{"line":144,"column":16}},"25":{"start":{"line":155,"column":21},"end":{"line":157,"column":6}},"26":{"start":{"line":158,"column":17},"end":{"line":158,"column":31}},"27":{"start":{"line":159,"column":4},"end":{"line":159,"column":16}},"28":{"start":{"line":173,"column":21},"end":{"line":173,"column":77}},"29":{"start":{"line":174,"column":17},"end":{"line":174,"column":31}},"30":{"start":{"line":175,"column":4},"end":{"line":175,"column":16}}},"fnMap":{"0":{"name":"(anonymous_0)","decl":{"start":{"line":15,"column":16},"end":{"line":15,"column":17}},"loc":{"start":{"line":15,"column":35},"end":{"line":21,"column":3}},"line":15},"1":{"name":"(anonymous_1)","decl":{"start":{"line":33,"column":13},"end":{"line":33,"column":14}},"loc":{"start":{"line":33,"column":32},"end":{"line":39,"column":3}},"line":33},"2":{"name":"(anonymous_2)","decl":{"start":{"line":52,"column":21},"end":{"line":52,"column":22}},"loc":{"start":{"line":52,"column":40},"end":{"line":58,"column":3}},"line":52},"3":{"name":"(anonymous_3)","decl":{"start":{"line":71,"column":21},"end":{"line":71,"column":22}},"loc":{"start":{"line":71,"column":40},"end":{"line":77,"column":3}},"line":71},"4":{"name":"(anonymous_4)","decl":{"start":{"line":87,"column":15},"end":{"line":87,"column":16}},"loc":{"start":{"line":87,"column":34},"end":{"line":93,"column":3}},"line":87},"5":{"name":"(anonymous_5)","decl":{"start":{"line":106,"column":16},"end":{"line":106,"column":17}},"loc":{"start":{"line":106,"column":35},"end":{"line":112,"column":3}},"line":106},"6":{"name":"(anonymous_6)","decl":{"start":{"line":122,"column":15},"end":{"line":122,"column":16}},"loc":{"start":{"line":122,"column":34},"end":{"line":128,"column":3}},"line":122},"7":{"name":"(anonymous_7)","decl":{"start":{"line":141,"column":7},"end":{"line":141,"column":8}},"loc":{"start":{"line":141,"column":26},"end":{"line":145,"column":3}},"line":141},"8":{"name":"(anonymous_8)","decl":{"start":{"line":154,"column":10},"end":{"line":154,"column":11}},"loc":{"start":{"line":154,"column":29},"end":{"line":160,"column":3}},"line":154},"9":{"name":"(anonymous_9)","decl":{"start":{"line":172,"column":10},"end":{"line":172,"column":11}},"loc":{"start":{"line":172,"column":29},"end":{"line":176,"column":3}},"line":172}},"branchMap":{},"s":{"0":7,"1":0,"2":0,"3":0,"4":0,"5":0,"6":0,"7":0,"8":0,"9":0,"10":0,"11":0,"12":0,"13":0,"14":0,"15":0,"16":0,"17":0,"18":0,"19":0,"20":0,"21":0,"22":0,"23":0,"24":0,"25":0,"26":0,"27":0,"28":0,"29":0,"30":0},"f":{"0":0,"1":0,"2":0,"3":0,"4":0,"5":0,"6":0,"7":0,"8":0,"9":0},"b":{},"_coverageSchema":"1a1c01bbd47fc00a2c39e90264f33305004495a9","hash":"c4c8af81551923f628b4a4eba8a6105a9da7aa85"}
,"P:\\Coding\\Programming\\Projects\\Javascript\\mytag\\src\\util\\api\\tags.js": {"path":"P:\\Coding\\Programming\\Projects\\Javascript\\mytag\\src\\util\\api\\tags.js","statementMap":{"0":{"start":{"line":7,"column":16},"end":{"line":60,"column":1}},"1":{"start":{"line":14,"column":21},"end":{"line":14,"column":66}},"2":{"start":{"line":15,"column":17},"end":{"line":15,"column":31}},"3":{"start":{"line":16,"column":4},"end":{"line":16,"column":16}},"4":{"start":{"line":27,"column":21},"end":{"line":27,"column":73}},"5":{"start":{"line":28,"column":17},"end":{"line":28,"column":31}},"6":{"start":{"line":29,"column":4},"end":{"line":29,"column":16}},"7":{"start":{"line":40,"column":21},"end":{"line":42,"column":6}},"8":{"start":{"line":43,"column":17},"end":{"line":43,"column":31}},"9":{"start":{"line":44,"column":4},"end":{"line":44,"column":16}},"10":{"start":{"line":56,"column":21},"end":{"line":56,"column":73}},"11":{"start":{"line":57,"column":17},"end":{"line":57,"column":31}},"12":{"start":{"line":58,"column":4},"end":{"line":58,"column":16}}},"fnMap":{"0":{"name":"(anonymous_0)","decl":{"start":{"line":13,"column":12},"end":{"line":13,"column":13}},"loc":{"start":{"line":13,"column":24},"end":{"line":17,"column":3}},"line":13},"1":{"name":"(anonymous_1)","decl":{"start":{"line":26,"column":10},"end":{"line":26,"column":11}},"loc":{"start":{"line":26,"column":27},"end":{"line":30,"column":3}},"line":26},"2":{"name":"(anonymous_2)","decl":{"start":{"line":39,"column":10},"end":{"line":39,"column":11}},"loc":{"start":{"line":39,"column":27},"end":{"line":45,"column":3}},"line":39},"3":{"name":"(anonymous_3)","decl":{"start":{"line":55,"column":10},"end":{"line":55,"column":11}},"loc":{"start":{"line":55,"column":27},"end":{"line":59,"column":3}},"line":55}},"branchMap":{},"s":{"0":7,"1":0,"2":0,"3":0,"4":0,"5":0,"6":0,"7":0,"8":0,"9":0,"10":0,"11":0,"12":0},"f":{"0":0,"1":0,"2":0,"3":0},"b":{},"_coverageSchema":"1a1c01bbd47fc00a2c39e90264f33305004495a9","hash":"62162b4b2865a71da2720f220c6ac83ca801cc5a"}
,"P:\\Coding\\Programming\\Projects\\Javascript\\mytag\\src\\util\\api\\user.js": {"path":"P:\\Coding\\Programming\\Projects\\Javascript\\mytag\\src\\util\\api\\user.js","statementMap":{"0":{"start":{"line":7,"column":16},"end":{"line":22,"column":1}},"1":{"start":{"line":16,"column":21},"end":{"line":18,"column":6}},"2":{"start":{"line":19,"column":17},"end":{"line":19,"column":31}},"3":{"start":{"line":20,"column":4},"end":{"line":20,"column":16}}},"fnMap":{"0":{"name":"(anonymous_0)","decl":{"start":{"line":15,"column":9},"end":{"line":15,"column":10}},"loc":{"start":{"line":15,"column":27},"end":{"line":21,"column":3}},"line":15}},"branchMap":{},"s":{"0":7,"1":0,"2":0,"3":0},"f":{"0":0},"b":{},"_coverageSchema":"1a1c01bbd47fc00a2c39e90264f33305004495a9","hash":"0ed20f0bd4b41e7325ace8b062dc0d3009c835ef"}
}
