{"P:\\Coding\\Programming\\Projects\\Javascript\\mytag\\src\\App.jsx": {"path":"P:\\Coding\\Programming\\Projects\\Javascript\\mytag\\src\\App.jsx","statementMap":{"0":{"start":{"line":5,"column":2},"end":{"line":22,"column":4}}},"fnMap":{"0":{"name":"App","decl":{"start":{"line":4,"column":9},"end":{"line":4,"column":12}},"loc":{"start":{"line":4,"column":15},"end":{"line":23,"column":1}},"line":4}},"branchMap":{},"s":{"0":1},"f":{"0":1},"b":{},"_coverageSchema":"1a1c01bbd47fc00a2c39e90264f33305004495a9","hash":"52ea11cc6eb88c05ce7b87f6fdc1c5fb51edd1fd"}
,"P:\\Coding\\Programming\\Projects\\Javascript\\mytag\\src\\index.js": {"path":"P:\\Coding\\Programming\\Projects\\Javascript\\mytag\\src\\index.js","statementMap":{},"fnMap":{},"branchMap":{},"s":{},"f":{},"b":{}}
,"P:\\Coding\\Programming\\Projects\\Javascript\\mytag\\src\\components\\index.js": {"path":"P:\\Coding\\Programming\\Projects\\Javascript\\mytag\\src\\components\\index.js","statementMap":{},"fnMap":{},"branchMap":{},"s":{},"f":{},"b":{}}
,"P:\\Coding\\Programming\\Projects\\Javascript\\mytag\\src\\modules\\rootMiddleware.js": {"path":"P:\\Coding\\Programming\\Projects\\Javascript\\mytag\\src\\modules\\rootMiddleware.js","statementMap":{},"fnMap":{},"branchMap":{},"s":{},"f":{},"b":{},"_coverageSchema":"1a1c01bbd47fc00a2c39e90264f33305004495a9","hash":"6706f61781c17465fd55db9feb2f42150e3ca3fc"}
,"P:\\Coding\\Programming\\Projects\\Javascript\\mytag\\src\\modules\\rootPersist.js": {"path":"P:\\Coding\\Programming\\Projects\\Javascript\\mytag\\src\\modules\\rootPersist.js","statementMap":{},"fnMap":{},"branchMap":{},"s":{},"f":{},"b":{},"_coverageSchema":"1a1c01bbd47fc00a2c39e90264f33305004495a9","hash":"b18af87be7e04a922b262ed96a5229b99e42a0b5"}
,"P:\\Coding\\Programming\\Projects\\Javascript\\mytag\\src\\modules\\rootReducer.js": {"path":"P:\\Coding\\Programming\\Projects\\Javascript\\mytag\\src\\modules\\rootReducer.js","statementMap":{},"fnMap":{},"branchMap":{},"s":{},"f":{},"b":{},"_coverageSchema":"1a1c01bbd47fc00a2c39e90264f33305004495a9","hash":"d0e91cd71d2f0473d2c83b939e0b90fe2e8964da"}
,"P:\\Coding\\Programming\\Projects\\Javascript\\mytag\\src\\modules\\rootSaga.js": {"path":"P:\\Coding\\Programming\\Projects\\Javascript\\mytag\\src\\modules\\rootSaga.js","statementMap":{},"fnMap":{"0":{"name":"rootSaga","decl":{"start":{"line":7,"column":25},"end":{"line":7,"column":33}},"loc":{"start":{"line":7,"column":36},"end":{"line":10,"column":1}},"line":7}},"branchMap":{},"s":{},"f":{"0":0},"b":{},"_coverageSchema":"1a1c01bbd47fc00a2c39e90264f33305004495a9","hash":"e5a704f2d3e64416e9b810355a10f10dddec06e0"}
}
